[2018-03-06 16:04:07] testing.DEBUG: Error sending slack message SECURITY_NOTICE_SLACK_URL not set in .env  
[2018-03-06 16:04:28] testing.DEBUG: Error sending slack message SECURITY_NOTICE_SLACK_URL not set in .env  
[2018-03-06 16:04:49] testing.DEBUG: Error sending slack message SECURITY_NOTICE_SLACK_URL not set in .env  
[2018-03-06 16:04:59] testing.DEBUG: Error sending slack message SECURITY_NOTICE_SLACK_URL not set in .env  
[2018-03-06 16:33:26] testing.ERROR: Error Getting Composer from Repository https://github.com/alnutile/blog  
[2018-03-06 16:33:26] testing.ERROR: GuzzleHttp\Exception\ClientException: Client error: `GET https://api.github.com/repos/alnutile/blog/branches?access_token=Ul5iNeVNrL8Cr+mnMxVfY+WWsX2tbpC9SZNyB6EEYdc=` resulted in a `401 Unauthorized` response:
{
  "message": "Bad credentials",
  "documentation_url": "https://developer.github.com/v3"
}

 in /Users/alfrednutile/Code/laravel-platform/vendor/alfred-nutile-inc/larscanner/vendor/guzzlehttp/guzzle/src/Exception/RequestException.php:113
Stack trace:
#0 /Users/alfrednutile/Code/laravel-platform/vendor/alfred-nutile-inc/larscanner/vendor/guzzlehttp/guzzle/src/Middleware.php(65): GuzzleHttp\Exception\RequestException::create(Object(GuzzleHttp\Psr7\Request), Object(GuzzleHttp\Psr7\Response))
#1 /Users/alfrednutile/Code/laravel-platform/vendor/alfred-nutile-inc/larscanner/vendor/guzzlehttp/promises/src/Promise.php(203): GuzzleHttp\Middleware::GuzzleHttp\{closure}(Object(GuzzleHttp\Psr7\Response))
#2 /Users/alfrednutile/Code/laravel-platform/vendor/alfred-nutile-inc/larscanner/vendor/guzzlehttp/promises/src/Promise.php(156): GuzzleHttp\Promise\Promise::callHandler(1, Object(GuzzleHttp\Psr7\Response), Array)
#3 /Users/alfrednutile/Code/laravel-platform/vendor/alfred-nutile-inc/larscanner/vendor/guzzlehttp/promises/src/TaskQueue.php(47): GuzzleHttp\Promise\Promise::GuzzleHttp\Promise\{closure}()
#4 /Users/alfrednutile/Code/laravel-platform/vendor/alfred-nutile-inc/larscanner/vendor/guzzlehttp/promises/src/Promise.php(246): GuzzleHttp\Promise\TaskQueue->run(true)
#5 /Users/alfrednutile/Code/laravel-platform/vendor/alfred-nutile-inc/larscanner/vendor/guzzlehttp/promises/src/Promise.php(223): GuzzleHttp\Promise\Promise->invokeWaitFn()
#6 /Users/alfrednutile/Code/laravel-platform/vendor/alfred-nutile-inc/larscanner/vendor/guzzlehttp/promises/src/Promise.php(267): GuzzleHttp\Promise\Promise->waitIfPending()
#7 /Users/alfrednutile/Code/laravel-platform/vendor/alfred-nutile-inc/larscanner/vendor/guzzlehttp/promises/src/Promise.php(225): GuzzleHttp\Promise\Promise->invokeWaitList()
#8 /Users/alfrednutile/Code/laravel-platform/vendor/alfred-nutile-inc/larscanner/vendor/guzzlehttp/promises/src/Promise.php(62): GuzzleHttp\Promise\Promise->waitIfPending()
#9 /Users/alfrednutile/Code/laravel-platform/vendor/alfred-nutile-inc/larscanner/vendor/guzzlehttp/guzzle/src/Client.php(131): GuzzleHttp\Promise\Promise->wait()
#10 /Users/alfrednutile/Code/laravel-platform/vendor/alfred-nutile-inc/larscanner/vendor/guzzlehttp/guzzle/src/Client.php(89): GuzzleHttp\Client->request('get', 'https://api.git...', Array)
#11 /Users/alfrednutile/Code/laravel-platform/vendor/alfred-nutile-inc/larscanner/src/SensioLabsRemoteScanner.php(28): GuzzleHttp\Client->__call('get', Array)
#12 /Users/alfrednutile/Code/laravel-platform/vendor/alfred-nutile-inc/larscanner/tests/SensioLabsRemoteScannerTest.php(21): AlfredNutileInc\LarScanner\SensioLabsRemoteScanner->handle()
#13 [internal function]: AlfredNutileInc\LarScanner\SensioLabsRemoteScannerTest->testGetsBranches()
#14 /Users/alfrednutile/Code/laravel-platform/vendor/alfred-nutile-inc/larscanner/vendor/phpunit/phpunit/src/Framework/TestCase.php(1071): ReflectionMethod->invokeArgs(Object(AlfredNutileInc\LarScanner\SensioLabsRemoteScannerTest), Array)
#15 /Users/alfrednutile/Code/laravel-platform/vendor/alfred-nutile-inc/larscanner/vendor/phpunit/phpunit/src/Framework/TestCase.php(939): PHPUnit\Framework\TestCase->runTest()
#16 /Users/alfrednutile/Code/laravel-platform/vendor/alfred-nutile-inc/larscanner/vendor/phpunit/phpunit/src/Framework/TestResult.php(698): PHPUnit\Framework\TestCase->runBare()
#17 /Users/alfrednutile/Code/laravel-platform/vendor/alfred-nutile-inc/larscanner/vendor/phpunit/phpunit/src/Framework/TestCase.php(894): PHPUnit\Framework\TestResult->run(Object(AlfredNutileInc\LarScanner\SensioLabsRemoteScannerTest))
#18 /Users/alfrednutile/Code/laravel-platform/vendor/alfred-nutile-inc/larscanner/vendor/phpunit/phpunit/src/Framework/TestSuite.php(755): PHPUnit\Framework\TestCase->run(Object(PHPUnit\Framework\TestResult))
#19 /Users/alfrednutile/Code/laravel-platform/vendor/alfred-nutile-inc/larscanner/vendor/phpunit/phpunit/src/TextUI/TestRunner.php(546): PHPUnit\Framework\TestSuite->run(Object(PHPUnit\Framework\TestResult))
#20 /Users/alfrednutile/Code/laravel-platform/vendor/alfred-nutile-inc/larscanner/vendor/phpunit/phpunit/src/TextUI/Command.php(195): PHPUnit\TextUI\TestRunner->doRun(Object(PHPUnit\Framework\TestSuite), Array, true)
#21 /Users/alfrednutile/Code/laravel-platform/vendor/alfred-nutile-inc/larscanner/vendor/phpunit/phpunit/src/TextUI/Command.php(148): PHPUnit\TextUI\Command->run(Array, true)
#22 /Users/alfrednutile/Code/laravel-platform/vendor/alfred-nutile-inc/larscanner/vendor/phpunit/phpunit/phpunit(53): PHPUnit\TextUI\Command::main()
#23 {main}  
[2018-03-06 16:33:45] testing.ERROR: Error Getting Composer from Repository https://github.com/alnutile/blog  
[2018-03-06 16:33:45] testing.ERROR: GuzzleHttp\Exception\ClientException: Client error: `GET https://api.github.com/repos/alnutile/blog/branches?access_token=Ul5iNeVNrL8Cr+mnMxVfY+WWsX2tbpC9SZNyB6EEYdc=` resulted in a `401 Unauthorized` response:
{
  "message": "Bad credentials",
  "documentation_url": "https://developer.github.com/v3"
}

 in /Users/alfrednutile/Code/laravel-platform/vendor/alfred-nutile-inc/larscanner/vendor/guzzlehttp/guzzle/src/Exception/RequestException.php:113
Stack trace:
#0 /Users/alfrednutile/Code/laravel-platform/vendor/alfred-nutile-inc/larscanner/vendor/guzzlehttp/guzzle/src/Middleware.php(65): GuzzleHttp\Exception\RequestException::create(Object(GuzzleHttp\Psr7\Request), Object(GuzzleHttp\Psr7\Response))
#1 /Users/alfrednutile/Code/laravel-platform/vendor/alfred-nutile-inc/larscanner/vendor/guzzlehttp/promises/src/Promise.php(203): GuzzleHttp\Middleware::GuzzleHttp\{closure}(Object(GuzzleHttp\Psr7\Response))
#2 /Users/alfrednutile/Code/laravel-platform/vendor/alfred-nutile-inc/larscanner/vendor/guzzlehttp/promises/src/Promise.php(156): GuzzleHttp\Promise\Promise::callHandler(1, Object(GuzzleHttp\Psr7\Response), Array)
#3 /Users/alfrednutile/Code/laravel-platform/vendor/alfred-nutile-inc/larscanner/vendor/guzzlehttp/promises/src/TaskQueue.php(47): GuzzleHttp\Promise\Promise::GuzzleHttp\Promise\{closure}()
#4 /Users/alfrednutile/Code/laravel-platform/vendor/alfred-nutile-inc/larscanner/vendor/guzzlehttp/promises/src/Promise.php(246): GuzzleHttp\Promise\TaskQueue->run(true)
#5 /Users/alfrednutile/Code/laravel-platform/vendor/alfred-nutile-inc/larscanner/vendor/guzzlehttp/promises/src/Promise.php(223): GuzzleHttp\Promise\Promise->invokeWaitFn()
#6 /Users/alfrednutile/Code/laravel-platform/vendor/alfred-nutile-inc/larscanner/vendor/guzzlehttp/promises/src/Promise.php(267): GuzzleHttp\Promise\Promise->waitIfPending()
#7 /Users/alfrednutile/Code/laravel-platform/vendor/alfred-nutile-inc/larscanner/vendor/guzzlehttp/promises/src/Promise.php(225): GuzzleHttp\Promise\Promise->invokeWaitList()
#8 /Users/alfrednutile/Code/laravel-platform/vendor/alfred-nutile-inc/larscanner/vendor/guzzlehttp/promises/src/Promise.php(62): GuzzleHttp\Promise\Promise->waitIfPending()
#9 /Users/alfrednutile/Code/laravel-platform/vendor/alfred-nutile-inc/larscanner/vendor/guzzlehttp/guzzle/src/Client.php(131): GuzzleHttp\Promise\Promise->wait()
#10 /Users/alfrednutile/Code/laravel-platform/vendor/alfred-nutile-inc/larscanner/vendor/guzzlehttp/guzzle/src/Client.php(89): GuzzleHttp\Client->request('get', 'https://api.git...', Array)
#11 /Users/alfrednutile/Code/laravel-platform/vendor/alfred-nutile-inc/larscanner/src/SensioLabsRemoteScanner.php(28): GuzzleHttp\Client->__call('get', Array)
#12 /Users/alfrednutile/Code/laravel-platform/vendor/alfred-nutile-inc/larscanner/tests/SensioLabsRemoteScannerTest.php(21): AlfredNutileInc\LarScanner\SensioLabsRemoteScanner->handle()
#13 [internal function]: AlfredNutileInc\LarScanner\SensioLabsRemoteScannerTest->testGetsBranches()
#14 /Users/alfrednutile/Code/laravel-platform/vendor/alfred-nutile-inc/larscanner/vendor/phpunit/phpunit/src/Framework/TestCase.php(1071): ReflectionMethod->invokeArgs(Object(AlfredNutileInc\LarScanner\SensioLabsRemoteScannerTest), Array)
#15 /Users/alfrednutile/Code/laravel-platform/vendor/alfred-nutile-inc/larscanner/vendor/phpunit/phpunit/src/Framework/TestCase.php(939): PHPUnit\Framework\TestCase->runTest()
#16 /Users/alfrednutile/Code/laravel-platform/vendor/alfred-nutile-inc/larscanner/vendor/phpunit/phpunit/src/Framework/TestResult.php(698): PHPUnit\Framework\TestCase->runBare()
#17 /Users/alfrednutile/Code/laravel-platform/vendor/alfred-nutile-inc/larscanner/vendor/phpunit/phpunit/src/Framework/TestCase.php(894): PHPUnit\Framework\TestResult->run(Object(AlfredNutileInc\LarScanner\SensioLabsRemoteScannerTest))
#18 /Users/alfrednutile/Code/laravel-platform/vendor/alfred-nutile-inc/larscanner/vendor/phpunit/phpunit/src/Framework/TestSuite.php(755): PHPUnit\Framework\TestCase->run(Object(PHPUnit\Framework\TestResult))
#19 /Users/alfrednutile/Code/laravel-platform/vendor/alfred-nutile-inc/larscanner/vendor/phpunit/phpunit/src/TextUI/TestRunner.php(546): PHPUnit\Framework\TestSuite->run(Object(PHPUnit\Framework\TestResult))
#20 /Users/alfrednutile/Code/laravel-platform/vendor/alfred-nutile-inc/larscanner/vendor/phpunit/phpunit/src/TextUI/Command.php(195): PHPUnit\TextUI\TestRunner->doRun(Object(PHPUnit\Framework\TestSuite), Array, true)
#21 /Users/alfrednutile/Code/laravel-platform/vendor/alfred-nutile-inc/larscanner/vendor/phpunit/phpunit/src/TextUI/Command.php(148): PHPUnit\TextUI\Command->run(Array, true)
#22 /Users/alfrednutile/Code/laravel-platform/vendor/alfred-nutile-inc/larscanner/vendor/phpunit/phpunit/phpunit(53): PHPUnit\TextUI\Command::main()
#23 {main}  
[2018-03-06 16:36:08] testing.ERROR: Declaration of AlfredNutileInc\LarScanner\SensioLabsRemoteScanner::handle($config) must be compatible with AlfredNutileInc\LarScanner\BaseScanner::handle() {"exception":"[object] (Symfony\\Component\\Debug\\Exception\\FatalErrorException(code: 64): Declaration of AlfredNutileInc\\LarScanner\\SensioLabsRemoteScanner::handle($config) must be compatible with AlfredNutileInc\\LarScanner\\BaseScanner::handle() at /Users/alfrednutile/Code/laravel-platform/vendor/alfred-nutile-inc/larscanner/src/SensioLabsRemoteScanner.php:9)
[stacktrace]
#0 /Users/alfrednutile/Code/laravel-platform/vendor/alfred-nutile-inc/larscanner/vendor/laravel/framework/src/Illuminate/Foundation/Bootstrap/HandleExceptions.php(137): Symfony\\Component\\Debug\\Exception\\FatalErrorException->__construct()
#1 /Users/alfrednutile/Code/laravel-platform/vendor/alfred-nutile-inc/larscanner/vendor/laravel/framework/src/Illuminate/Foundation/Bootstrap/HandleExceptions.php(123): Illuminate\\Foundation\\Bootstrap\\HandleExceptions->fatalExceptionFromError()
#2 /Users/alfrednutile/Code/laravel-platform/vendor/alfred-nutile-inc/larscanner/vendor/laravel/framework/src/Illuminate/Foundation/Bootstrap/HandleExceptions.php(0): Illuminate\\Foundation\\Bootstrap\\HandleExceptions->handleShutdown()
#3 /Users/alfrednutile/Code/laravel-platform/vendor/alfred-nutile-inc/larscanner/vendor/composer/ClassLoader.php(444): ()
#4 /Users/alfrednutile/Code/laravel-platform/vendor/alfred-nutile-inc/larscanner/vendor/composer/ClassLoader.php(322): Composer\\Autoload\\includeFile()
#5 /Users/alfrednutile/Code/laravel-platform/vendor/alfred-nutile-inc/larscanner/tests/SensioLabsRemoteScannerTest.php(17): Composer\\Autoload\\ClassLoader->loadClass()
#6 /Users/alfrednutile/Code/laravel-platform/vendor/alfred-nutile-inc/larscanner/tests/SensioLabsRemoteScannerTest.php(17): spl_autoload_call()
#7 /Users/alfrednutile/Code/laravel-platform/vendor/alfred-nutile-inc/larscanner/vendor/phpunit/phpunit/src/Framework/TestCase.php(1071): AlfredNutileInc\\LarScanner\\SensioLabsRemoteScannerTest->testGetsBranches()
#8 /Users/alfrednutile/Code/laravel-platform/vendor/alfred-nutile-inc/larscanner/vendor/phpunit/phpunit/src/Framework/TestCase.php(1071): ReflectionMethod->invokeArgs()
#9 /Users/alfrednutile/Code/laravel-platform/vendor/alfred-nutile-inc/larscanner/vendor/phpunit/phpunit/src/Framework/TestCase.php(939): AlfredNutileInc\\LarScanner\\SensioLabsRemoteScannerTest->runTest()
#10 /Users/alfrednutile/Code/laravel-platform/vendor/alfred-nutile-inc/larscanner/vendor/phpunit/phpunit/src/Framework/TestResult.php(698): AlfredNutileInc\\LarScanner\\SensioLabsRemoteScannerTest->runBare()
#11 /Users/alfrednutile/Code/laravel-platform/vendor/alfred-nutile-inc/larscanner/vendor/phpunit/phpunit/src/Framework/TestCase.php(894): PHPUnit\\Framework\\TestResult->run()
#12 /Users/alfrednutile/Code/laravel-platform/vendor/alfred-nutile-inc/larscanner/vendor/phpunit/phpunit/src/Framework/TestSuite.php(755): AlfredNutileInc\\LarScanner\\SensioLabsRemoteScannerTest->run()
#13 /Users/alfrednutile/Code/laravel-platform/vendor/alfred-nutile-inc/larscanner/vendor/phpunit/phpunit/src/TextUI/TestRunner.php(546): PHPUnit\\Framework\\TestSuite->run()
#14 /Users/alfrednutile/Code/laravel-platform/vendor/alfred-nutile-inc/larscanner/vendor/phpunit/phpunit/src/TextUI/Command.php(195): PHPUnit\\TextUI\\TestRunner->doRun()
#15 /Users/alfrednutile/Code/laravel-platform/vendor/alfred-nutile-inc/larscanner/vendor/phpunit/phpunit/src/TextUI/Command.php(148): PHPUnit\\TextUI\\Command->run()
#16 /Users/alfrednutile/Code/laravel-platform/vendor/alfred-nutile-inc/larscanner/vendor/phpunit/phpunit/phpunit(53): PHPUnit\\TextUI\\Command::main()
#17 /Users/alfrednutile/Code/laravel-platform/vendor/alfred-nutile-inc/larscanner/vendor/phpunit/phpunit/phpunit(0): {main}()
#18 {main}
"} 
[2018-03-06 16:36:15] testing.ERROR: Declaration of AlfredNutileInc\LarScanner\SensioLabsRemoteScanner::handle($config) must be compatible with AlfredNutileInc\LarScanner\BaseScanner::handle() {"exception":"[object] (Symfony\\Component\\Debug\\Exception\\FatalErrorException(code: 64): Declaration of AlfredNutileInc\\LarScanner\\SensioLabsRemoteScanner::handle($config) must be compatible with AlfredNutileInc\\LarScanner\\BaseScanner::handle() at /Users/alfrednutile/Code/laravel-platform/vendor/alfred-nutile-inc/larscanner/src/SensioLabsRemoteScanner.php:9)
[stacktrace]
#0 /Users/alfrednutile/Code/laravel-platform/vendor/alfred-nutile-inc/larscanner/vendor/laravel/framework/src/Illuminate/Foundation/Bootstrap/HandleExceptions.php(137): Symfony\\Component\\Debug\\Exception\\FatalErrorException->__construct()
#1 /Users/alfrednutile/Code/laravel-platform/vendor/alfred-nutile-inc/larscanner/vendor/laravel/framework/src/Illuminate/Foundation/Bootstrap/HandleExceptions.php(123): Illuminate\\Foundation\\Bootstrap\\HandleExceptions->fatalExceptionFromError()
#2 /Users/alfrednutile/Code/laravel-platform/vendor/alfred-nutile-inc/larscanner/vendor/laravel/framework/src/Illuminate/Foundation/Bootstrap/HandleExceptions.php(0): Illuminate\\Foundation\\Bootstrap\\HandleExceptions->handleShutdown()
#3 /Users/alfrednutile/Code/laravel-platform/vendor/alfred-nutile-inc/larscanner/vendor/composer/ClassLoader.php(444): ()
#4 /Users/alfrednutile/Code/laravel-platform/vendor/alfred-nutile-inc/larscanner/vendor/composer/ClassLoader.php(322): Composer\\Autoload\\includeFile()
#5 /Users/alfrednutile/Code/laravel-platform/vendor/alfred-nutile-inc/larscanner/tests/SensioLabsRemoteScannerTest.php(17): Composer\\Autoload\\ClassLoader->loadClass()
#6 /Users/alfrednutile/Code/laravel-platform/vendor/alfred-nutile-inc/larscanner/tests/SensioLabsRemoteScannerTest.php(17): spl_autoload_call()
#7 /Users/alfrednutile/Code/laravel-platform/vendor/alfred-nutile-inc/larscanner/vendor/phpunit/phpunit/src/Framework/TestCase.php(1071): AlfredNutileInc\\LarScanner\\SensioLabsRemoteScannerTest->testGetsBranches()
#8 /Users/alfrednutile/Code/laravel-platform/vendor/alfred-nutile-inc/larscanner/vendor/phpunit/phpunit/src/Framework/TestCase.php(1071): ReflectionMethod->invokeArgs()
#9 /Users/alfrednutile/Code/laravel-platform/vendor/alfred-nutile-inc/larscanner/vendor/phpunit/phpunit/src/Framework/TestCase.php(939): AlfredNutileInc\\LarScanner\\SensioLabsRemoteScannerTest->runTest()
#10 /Users/alfrednutile/Code/laravel-platform/vendor/alfred-nutile-inc/larscanner/vendor/phpunit/phpunit/src/Framework/TestResult.php(698): AlfredNutileInc\\LarScanner\\SensioLabsRemoteScannerTest->runBare()
#11 /Users/alfrednutile/Code/laravel-platform/vendor/alfred-nutile-inc/larscanner/vendor/phpunit/phpunit/src/Framework/TestCase.php(894): PHPUnit\\Framework\\TestResult->run()
#12 /Users/alfrednutile/Code/laravel-platform/vendor/alfred-nutile-inc/larscanner/vendor/phpunit/phpunit/src/Framework/TestSuite.php(755): AlfredNutileInc\\LarScanner\\SensioLabsRemoteScannerTest->run()
#13 /Users/alfrednutile/Code/laravel-platform/vendor/alfred-nutile-inc/larscanner/vendor/phpunit/phpunit/src/TextUI/TestRunner.php(546): PHPUnit\\Framework\\TestSuite->run()
#14 /Users/alfrednutile/Code/laravel-platform/vendor/alfred-nutile-inc/larscanner/vendor/phpunit/phpunit/src/TextUI/Command.php(195): PHPUnit\\TextUI\\TestRunner->doRun()
#15 /Users/alfrednutile/Code/laravel-platform/vendor/alfred-nutile-inc/larscanner/vendor/phpunit/phpunit/src/TextUI/Command.php(148): PHPUnit\\TextUI\\Command->run()
#16 /Users/alfrednutile/Code/laravel-platform/vendor/alfred-nutile-inc/larscanner/vendor/phpunit/phpunit/phpunit(53): PHPUnit\\TextUI\\Command::main()
#17 /Users/alfrednutile/Code/laravel-platform/vendor/alfred-nutile-inc/larscanner/vendor/phpunit/phpunit/phpunit(0): {main}()
#18 {main}
"} 
[2018-03-06 16:36:17] testing.ERROR: Declaration of AlfredNutileInc\LarScanner\SensioLabsRemoteScanner::handle($config) must be compatible with AlfredNutileInc\LarScanner\BaseScanner::handle() {"exception":"[object] (Symfony\\Component\\Debug\\Exception\\FatalErrorException(code: 64): Declaration of AlfredNutileInc\\LarScanner\\SensioLabsRemoteScanner::handle($config) must be compatible with AlfredNutileInc\\LarScanner\\BaseScanner::handle() at /Users/alfrednutile/Code/laravel-platform/vendor/alfred-nutile-inc/larscanner/src/SensioLabsRemoteScanner.php:9)
[stacktrace]
#0 /Users/alfrednutile/Code/laravel-platform/vendor/alfred-nutile-inc/larscanner/vendor/laravel/framework/src/Illuminate/Foundation/Bootstrap/HandleExceptions.php(137): Symfony\\Component\\Debug\\Exception\\FatalErrorException->__construct()
#1 /Users/alfrednutile/Code/laravel-platform/vendor/alfred-nutile-inc/larscanner/vendor/laravel/framework/src/Illuminate/Foundation/Bootstrap/HandleExceptions.php(123): Illuminate\\Foundation\\Bootstrap\\HandleExceptions->fatalExceptionFromError()
#2 /Users/alfrednutile/Code/laravel-platform/vendor/alfred-nutile-inc/larscanner/vendor/laravel/framework/src/Illuminate/Foundation/Bootstrap/HandleExceptions.php(0): Illuminate\\Foundation\\Bootstrap\\HandleExceptions->handleShutdown()
#3 /Users/alfrednutile/Code/laravel-platform/vendor/alfred-nutile-inc/larscanner/vendor/composer/ClassLoader.php(444): ()
#4 /Users/alfrednutile/Code/laravel-platform/vendor/alfred-nutile-inc/larscanner/vendor/composer/ClassLoader.php(322): Composer\\Autoload\\includeFile()
#5 /Users/alfrednutile/Code/laravel-platform/vendor/alfred-nutile-inc/larscanner/tests/SensioLabsRemoteScannerTest.php(17): Composer\\Autoload\\ClassLoader->loadClass()
#6 /Users/alfrednutile/Code/laravel-platform/vendor/alfred-nutile-inc/larscanner/tests/SensioLabsRemoteScannerTest.php(17): spl_autoload_call()
#7 /Users/alfrednutile/Code/laravel-platform/vendor/alfred-nutile-inc/larscanner/vendor/phpunit/phpunit/src/Framework/TestCase.php(1071): AlfredNutileInc\\LarScanner\\SensioLabsRemoteScannerTest->testGetsBranches()
#8 /Users/alfrednutile/Code/laravel-platform/vendor/alfred-nutile-inc/larscanner/vendor/phpunit/phpunit/src/Framework/TestCase.php(1071): ReflectionMethod->invokeArgs()
#9 /Users/alfrednutile/Code/laravel-platform/vendor/alfred-nutile-inc/larscanner/vendor/phpunit/phpunit/src/Framework/TestCase.php(939): AlfredNutileInc\\LarScanner\\SensioLabsRemoteScannerTest->runTest()
#10 /Users/alfrednutile/Code/laravel-platform/vendor/alfred-nutile-inc/larscanner/vendor/phpunit/phpunit/src/Framework/TestResult.php(698): AlfredNutileInc\\LarScanner\\SensioLabsRemoteScannerTest->runBare()
#11 /Users/alfrednutile/Code/laravel-platform/vendor/alfred-nutile-inc/larscanner/vendor/phpunit/phpunit/src/Framework/TestCase.php(894): PHPUnit\\Framework\\TestResult->run()
#12 /Users/alfrednutile/Code/laravel-platform/vendor/alfred-nutile-inc/larscanner/vendor/phpunit/phpunit/src/Framework/TestSuite.php(755): AlfredNutileInc\\LarScanner\\SensioLabsRemoteScannerTest->run()
#13 /Users/alfrednutile/Code/laravel-platform/vendor/alfred-nutile-inc/larscanner/vendor/phpunit/phpunit/src/TextUI/TestRunner.php(546): PHPUnit\\Framework\\TestSuite->run()
#14 /Users/alfrednutile/Code/laravel-platform/vendor/alfred-nutile-inc/larscanner/vendor/phpunit/phpunit/src/TextUI/Command.php(195): PHPUnit\\TextUI\\TestRunner->doRun()
#15 /Users/alfrednutile/Code/laravel-platform/vendor/alfred-nutile-inc/larscanner/vendor/phpunit/phpunit/src/TextUI/Command.php(148): PHPUnit\\TextUI\\Command->run()
#16 /Users/alfrednutile/Code/laravel-platform/vendor/alfred-nutile-inc/larscanner/vendor/phpunit/phpunit/phpunit(53): PHPUnit\\TextUI\\Command::main()
#17 /Users/alfrednutile/Code/laravel-platform/vendor/alfred-nutile-inc/larscanner/vendor/phpunit/phpunit/phpunit(0): {main}()
#18 {main}
"} 
[2018-03-06 16:40:25] testing.ERROR: Error Getting Composer from Repository https://github.com/alnutile/blog  
[2018-03-06 16:40:25] testing.ERROR: ErrorException: file_put_contents(/Users/alfrednutile/Code/laravel-platform/vendor/alfred-nutile-inc/larscanner/srctests/fixtures/branches.json): failed to open stream: No such file or directory in /Users/alfrednutile/Code/laravel-platform/vendor/alfred-nutile-inc/larscanner/vendor/laravel/framework/src/Illuminate/Filesystem/Filesystem.php:122
Stack trace:
#0 [internal function]: Illuminate\Foundation\Bootstrap\HandleExceptions->handleError(2, 'file_put_conten...', '/Users/alfrednu...', 122, Array)
#1 /Users/alfrednutile/Code/laravel-platform/vendor/alfred-nutile-inc/larscanner/vendor/laravel/framework/src/Illuminate/Filesystem/Filesystem.php(122): file_put_contents('/Users/alfrednu...', '[\n    {\n       ...', 0)
#2 /Users/alfrednutile/Code/laravel-platform/vendor/alfred-nutile-inc/larscanner/vendor/illuminate/support/Facades/Facade.php(221): Illuminate\Filesystem\Filesystem->put('/Users/alfrednu...', '[\n    {\n       ...')
#3 /Users/alfrednutile/Code/laravel-platform/vendor/alfred-nutile-inc/larscanner/src/SensioLabsRemoteScanner.php(32): Illuminate\Support\Facades\Facade::__callStatic('put', Array)
#4 /Users/alfrednutile/Code/laravel-platform/vendor/alfred-nutile-inc/larscanner/tests/SensioLabsRemoteScannerTest.php(22): AlfredNutileInc\LarScanner\SensioLabsRemoteScanner->handle()
#5 [internal function]: AlfredNutileInc\LarScanner\SensioLabsRemoteScannerTest->testGetsBranches()
#6 /Users/alfrednutile/Code/laravel-platform/vendor/alfred-nutile-inc/larscanner/vendor/phpunit/phpunit/src/Framework/TestCase.php(1071): ReflectionMethod->invokeArgs(Object(AlfredNutileInc\LarScanner\SensioLabsRemoteScannerTest), Array)
#7 /Users/alfrednutile/Code/laravel-platform/vendor/alfred-nutile-inc/larscanner/vendor/phpunit/phpunit/src/Framework/TestCase.php(939): PHPUnit\Framework\TestCase->runTest()
#8 /Users/alfrednutile/Code/laravel-platform/vendor/alfred-nutile-inc/larscanner/vendor/phpunit/phpunit/src/Framework/TestResult.php(698): PHPUnit\Framework\TestCase->runBare()
#9 /Users/alfrednutile/Code/laravel-platform/vendor/alfred-nutile-inc/larscanner/vendor/phpunit/phpunit/src/Framework/TestCase.php(894): PHPUnit\Framework\TestResult->run(Object(AlfredNutileInc\LarScanner\SensioLabsRemoteScannerTest))
#10 /Users/alfrednutile/Code/laravel-platform/vendor/alfred-nutile-inc/larscanner/vendor/phpunit/phpunit/src/Framework/TestSuite.php(755): PHPUnit\Framework\TestCase->run(Object(PHPUnit\Framework\TestResult))
#11 /Users/alfrednutile/Code/laravel-platform/vendor/alfred-nutile-inc/larscanner/vendor/phpunit/phpunit/src/TextUI/TestRunner.php(546): PHPUnit\Framework\TestSuite->run(Object(PHPUnit\Framework\TestResult))
#12 /Users/alfrednutile/Code/laravel-platform/vendor/alfred-nutile-inc/larscanner/vendor/phpunit/phpunit/src/TextUI/Command.php(195): PHPUnit\TextUI\TestRunner->doRun(Object(PHPUnit\Framework\TestSuite), Array, true)
#13 /Users/alfrednutile/Code/laravel-platform/vendor/alfred-nutile-inc/larscanner/vendor/phpunit/phpunit/src/TextUI/Command.php(148): PHPUnit\TextUI\Command->run(Array, true)
#14 /Users/alfrednutile/Code/laravel-platform/vendor/alfred-nutile-inc/larscanner/vendor/phpunit/phpunit/phpunit(53): PHPUnit\TextUI\Command::main()
#15 {main}  
[2018-03-06 16:41:02] testing.ERROR: Error Getting Composer from Repository https://github.com/alnutile/blog  
[2018-03-06 16:41:02] testing.ERROR: ErrorException: file_put_contents(/Users/alfrednutile/Code/laravel-platform/vendor/alfred-nutile-inc/larscanner/src./tests/fixtures/branches.json): failed to open stream: No such file or directory in /Users/alfrednutile/Code/laravel-platform/vendor/alfred-nutile-inc/larscanner/vendor/laravel/framework/src/Illuminate/Filesystem/Filesystem.php:122
Stack trace:
#0 [internal function]: Illuminate\Foundation\Bootstrap\HandleExceptions->handleError(2, 'file_put_conten...', '/Users/alfrednu...', 122, Array)
#1 /Users/alfrednutile/Code/laravel-platform/vendor/alfred-nutile-inc/larscanner/vendor/laravel/framework/src/Illuminate/Filesystem/Filesystem.php(122): file_put_contents('/Users/alfrednu...', '[\n    {\n       ...', 0)
#2 /Users/alfrednutile/Code/laravel-platform/vendor/alfred-nutile-inc/larscanner/vendor/illuminate/support/Facades/Facade.php(221): Illuminate\Filesystem\Filesystem->put('/Users/alfrednu...', '[\n    {\n       ...')
#3 /Users/alfrednutile/Code/laravel-platform/vendor/alfred-nutile-inc/larscanner/src/SensioLabsRemoteScanner.php(33): Illuminate\Support\Facades\Facade::__callStatic('put', Array)
#4 /Users/alfrednutile/Code/laravel-platform/vendor/alfred-nutile-inc/larscanner/tests/SensioLabsRemoteScannerTest.php(22): AlfredNutileInc\LarScanner\SensioLabsRemoteScanner->handle()
#5 [internal function]: AlfredNutileInc\LarScanner\SensioLabsRemoteScannerTest->testGetsBranches()
#6 /Users/alfrednutile/Code/laravel-platform/vendor/alfred-nutile-inc/larscanner/vendor/phpunit/phpunit/src/Framework/TestCase.php(1071): ReflectionMethod->invokeArgs(Object(AlfredNutileInc\LarScanner\SensioLabsRemoteScannerTest), Array)
#7 /Users/alfrednutile/Code/laravel-platform/vendor/alfred-nutile-inc/larscanner/vendor/phpunit/phpunit/src/Framework/TestCase.php(939): PHPUnit\Framework\TestCase->runTest()
#8 /Users/alfrednutile/Code/laravel-platform/vendor/alfred-nutile-inc/larscanner/vendor/phpunit/phpunit/src/Framework/TestResult.php(698): PHPUnit\Framework\TestCase->runBare()
#9 /Users/alfrednutile/Code/laravel-platform/vendor/alfred-nutile-inc/larscanner/vendor/phpunit/phpunit/src/Framework/TestCase.php(894): PHPUnit\Framework\TestResult->run(Object(AlfredNutileInc\LarScanner\SensioLabsRemoteScannerTest))
#10 /Users/alfrednutile/Code/laravel-platform/vendor/alfred-nutile-inc/larscanner/vendor/phpunit/phpunit/src/Framework/TestSuite.php(755): PHPUnit\Framework\TestCase->run(Object(PHPUnit\Framework\TestResult))
#11 /Users/alfrednutile/Code/laravel-platform/vendor/alfred-nutile-inc/larscanner/vendor/phpunit/phpunit/src/TextUI/TestRunner.php(546): PHPUnit\Framework\TestSuite->run(Object(PHPUnit\Framework\TestResult))
#12 /Users/alfrednutile/Code/laravel-platform/vendor/alfred-nutile-inc/larscanner/vendor/phpunit/phpunit/src/TextUI/Command.php(195): PHPUnit\TextUI\TestRunner->doRun(Object(PHPUnit\Framework\TestSuite), Array, true)
#13 /Users/alfrednutile/Code/laravel-platform/vendor/alfred-nutile-inc/larscanner/vendor/phpunit/phpunit/src/TextUI/Command.php(148): PHPUnit\TextUI\Command->run(Array, true)
#14 /Users/alfrednutile/Code/laravel-platform/vendor/alfred-nutile-inc/larscanner/vendor/phpunit/phpunit/phpunit(53): PHPUnit\TextUI\Command::main()
#15 {main}  
[2018-03-06 16:41:06] testing.ERROR: Error Getting Composer from Repository https://github.com/alnutile/blog  
[2018-03-06 16:41:06] testing.ERROR: ErrorException: file_put_contents(/Users/alfrednutile/Code/laravel-platform/vendor/alfred-nutile-inc/larscanner/src./fixtures/branches.json): failed to open stream: No such file or directory in /Users/alfrednutile/Code/laravel-platform/vendor/alfred-nutile-inc/larscanner/vendor/laravel/framework/src/Illuminate/Filesystem/Filesystem.php:122
Stack trace:
#0 [internal function]: Illuminate\Foundation\Bootstrap\HandleExceptions->handleError(2, 'file_put_conten...', '/Users/alfrednu...', 122, Array)
#1 /Users/alfrednutile/Code/laravel-platform/vendor/alfred-nutile-inc/larscanner/vendor/laravel/framework/src/Illuminate/Filesystem/Filesystem.php(122): file_put_contents('/Users/alfrednu...', '[\n    {\n       ...', 0)
#2 /Users/alfrednutile/Code/laravel-platform/vendor/alfred-nutile-inc/larscanner/vendor/illuminate/support/Facades/Facade.php(221): Illuminate\Filesystem\Filesystem->put('/Users/alfrednu...', '[\n    {\n       ...')
#3 /Users/alfrednutile/Code/laravel-platform/vendor/alfred-nutile-inc/larscanner/src/SensioLabsRemoteScanner.php(33): Illuminate\Support\Facades\Facade::__callStatic('put', Array)
#4 /Users/alfrednutile/Code/laravel-platform/vendor/alfred-nutile-inc/larscanner/tests/SensioLabsRemoteScannerTest.php(22): AlfredNutileInc\LarScanner\SensioLabsRemoteScanner->handle()
#5 [internal function]: AlfredNutileInc\LarScanner\SensioLabsRemoteScannerTest->testGetsBranches()
#6 /Users/alfrednutile/Code/laravel-platform/vendor/alfred-nutile-inc/larscanner/vendor/phpunit/phpunit/src/Framework/TestCase.php(1071): ReflectionMethod->invokeArgs(Object(AlfredNutileInc\LarScanner\SensioLabsRemoteScannerTest), Array)
#7 /Users/alfrednutile/Code/laravel-platform/vendor/alfred-nutile-inc/larscanner/vendor/phpunit/phpunit/src/Framework/TestCase.php(939): PHPUnit\Framework\TestCase->runTest()
#8 /Users/alfrednutile/Code/laravel-platform/vendor/alfred-nutile-inc/larscanner/vendor/phpunit/phpunit/src/Framework/TestResult.php(698): PHPUnit\Framework\TestCase->runBare()
#9 /Users/alfrednutile/Code/laravel-platform/vendor/alfred-nutile-inc/larscanner/vendor/phpunit/phpunit/src/Framework/TestCase.php(894): PHPUnit\Framework\TestResult->run(Object(AlfredNutileInc\LarScanner\SensioLabsRemoteScannerTest))
#10 /Users/alfrednutile/Code/laravel-platform/vendor/alfred-nutile-inc/larscanner/vendor/phpunit/phpunit/src/Framework/TestSuite.php(755): PHPUnit\Framework\TestCase->run(Object(PHPUnit\Framework\TestResult))
#11 /Users/alfrednutile/Code/laravel-platform/vendor/alfred-nutile-inc/larscanner/vendor/phpunit/phpunit/src/TextUI/TestRunner.php(546): PHPUnit\Framework\TestSuite->run(Object(PHPUnit\Framework\TestResult))
#12 /Users/alfrednutile/Code/laravel-platform/vendor/alfred-nutile-inc/larscanner/vendor/phpunit/phpunit/src/TextUI/Command.php(195): PHPUnit\TextUI\TestRunner->doRun(Object(PHPUnit\Framework\TestSuite), Array, true)
#13 /Users/alfrednutile/Code/laravel-platform/vendor/alfred-nutile-inc/larscanner/vendor/phpunit/phpunit/src/TextUI/Command.php(148): PHPUnit\TextUI\Command->run(Array, true)
#14 /Users/alfrednutile/Code/laravel-platform/vendor/alfred-nutile-inc/larscanner/vendor/phpunit/phpunit/phpunit(53): PHPUnit\TextUI\Command::main()
#15 {main}  
[2018-03-06 16:42:02] testing.DEBUG: No results for SensioLabs Scanner  
[2018-03-06 16:44:23] testing.ERROR: Error Getting Composer from Repository https://github.com/alnutile/blog  
[2018-03-06 16:44:23] testing.ERROR: ErrorException: json_decode() expects parameter 1 to be string, object given in /Users/alfrednutile/Code/laravel-platform/vendor/alfred-nutile-inc/larscanner/src/SensioLabsRemoteScanner.php:31
Stack trace:
#0 [internal function]: Illuminate\Foundation\Bootstrap\HandleExceptions->handleError(2, 'json_decode() e...', '/Users/alfrednu...', 31, Array)
#1 /Users/alfrednutile/Code/laravel-platform/vendor/alfred-nutile-inc/larscanner/src/SensioLabsRemoteScanner.php(31): json_decode(Object(GuzzleHttp\Psr7\Response), true)
#2 /Users/alfrednutile/Code/laravel-platform/vendor/alfred-nutile-inc/larscanner/tests/SensioLabsRemoteScannerTest.php(22): AlfredNutileInc\LarScanner\SensioLabsRemoteScanner->handle()
#3 [internal function]: AlfredNutileInc\LarScanner\SensioLabsRemoteScannerTest->testGetsBranches()
#4 /Users/alfrednutile/Code/laravel-platform/vendor/alfred-nutile-inc/larscanner/vendor/phpunit/phpunit/src/Framework/TestCase.php(1071): ReflectionMethod->invokeArgs(Object(AlfredNutileInc\LarScanner\SensioLabsRemoteScannerTest), Array)
#5 /Users/alfrednutile/Code/laravel-platform/vendor/alfred-nutile-inc/larscanner/vendor/phpunit/phpunit/src/Framework/TestCase.php(939): PHPUnit\Framework\TestCase->runTest()
#6 /Users/alfrednutile/Code/laravel-platform/vendor/alfred-nutile-inc/larscanner/vendor/phpunit/phpunit/src/Framework/TestResult.php(698): PHPUnit\Framework\TestCase->runBare()
#7 /Users/alfrednutile/Code/laravel-platform/vendor/alfred-nutile-inc/larscanner/vendor/phpunit/phpunit/src/Framework/TestCase.php(894): PHPUnit\Framework\TestResult->run(Object(AlfredNutileInc\LarScanner\SensioLabsRemoteScannerTest))
#8 /Users/alfrednutile/Code/laravel-platform/vendor/alfred-nutile-inc/larscanner/vendor/phpunit/phpunit/src/Framework/TestSuite.php(755): PHPUnit\Framework\TestCase->run(Object(PHPUnit\Framework\TestResult))
#9 /Users/alfrednutile/Code/laravel-platform/vendor/alfred-nutile-inc/larscanner/vendor/phpunit/phpunit/src/TextUI/TestRunner.php(546): PHPUnit\Framework\TestSuite->run(Object(PHPUnit\Framework\TestResult))
#10 /Users/alfrednutile/Code/laravel-platform/vendor/alfred-nutile-inc/larscanner/vendor/phpunit/phpunit/src/TextUI/Command.php(195): PHPUnit\TextUI\TestRunner->doRun(Object(PHPUnit\Framework\TestSuite), Array, true)
#11 /Users/alfrednutile/Code/laravel-platform/vendor/alfred-nutile-inc/larscanner/vendor/phpunit/phpunit/src/TextUI/Command.php(148): PHPUnit\TextUI\Command->run(Array, true)
#12 /Users/alfrednutile/Code/laravel-platform/vendor/alfred-nutile-inc/larscanner/vendor/phpunit/phpunit/phpunit(53): PHPUnit\TextUI\Command::main()
#13 {main}  
[2018-03-06 16:55:43] testing.ERROR: Class 'Symfony\Component\BrowserKit\Client' not found {"exception":"[object] (Symfony\\Component\\Debug\\Exception\\FatalErrorException(code: 1): Class 'Symfony\\Component\\BrowserKit\\Client' not found at /Users/alfrednutile/Code/laravel-platform/vendor/alfred-nutile-inc/larscanner/vendor/symfony/http-kernel/Client.php:31)
[stacktrace]
#0 /Users/alfrednutile/Code/laravel-platform/vendor/alfred-nutile-inc/larscanner/vendor/laravel/framework/src/Illuminate/Foundation/Bootstrap/HandleExceptions.php(137): Symfony\\Component\\Debug\\Exception\\FatalErrorException->__construct()
#1 /Users/alfrednutile/Code/laravel-platform/vendor/alfred-nutile-inc/larscanner/vendor/laravel/framework/src/Illuminate/Foundation/Bootstrap/HandleExceptions.php(123): Illuminate\\Foundation\\Bootstrap\\HandleExceptions->fatalExceptionFromError()
#2 /Users/alfrednutile/Code/laravel-platform/vendor/alfred-nutile-inc/larscanner/vendor/laravel/framework/src/Illuminate/Foundation/Bootstrap/HandleExceptions.php(0): Illuminate\\Foundation\\Bootstrap\\HandleExceptions->handleShutdown()
#3 /Users/alfrednutile/Code/laravel-platform/vendor/alfred-nutile-inc/larscanner/vendor/composer/ClassLoader.php(444): ()
#4 /Users/alfrednutile/Code/laravel-platform/vendor/alfred-nutile-inc/larscanner/vendor/composer/ClassLoader.php(322): Composer\\Autoload\\includeFile()
#5 /Users/alfrednutile/Code/laravel-platform/vendor/alfred-nutile-inc/larscanner/tests/SensioLabsRemoteScannerTest.php(45): Composer\\Autoload\\ClassLoader->loadClass()
#6 /Users/alfrednutile/Code/laravel-platform/vendor/alfred-nutile-inc/larscanner/tests/SensioLabsRemoteScannerTest.php(45): spl_autoload_call()
#7 /Users/alfrednutile/Code/laravel-platform/vendor/alfred-nutile-inc/larscanner/vendor/phpunit/phpunit/src/Framework/TestCase.php(1071): AlfredNutileInc\\LarScanner\\SensioLabsRemoteScannerTest->testGetUrl()
#8 /Users/alfrednutile/Code/laravel-platform/vendor/alfred-nutile-inc/larscanner/vendor/phpunit/phpunit/src/Framework/TestCase.php(1071): ReflectionMethod->invokeArgs()
#9 /Users/alfrednutile/Code/laravel-platform/vendor/alfred-nutile-inc/larscanner/vendor/phpunit/phpunit/src/Framework/TestCase.php(939): AlfredNutileInc\\LarScanner\\SensioLabsRemoteScannerTest->runTest()
#10 /Users/alfrednutile/Code/laravel-platform/vendor/alfred-nutile-inc/larscanner/vendor/phpunit/phpunit/src/Framework/TestResult.php(698): AlfredNutileInc\\LarScanner\\SensioLabsRemoteScannerTest->runBare()
#11 /Users/alfrednutile/Code/laravel-platform/vendor/alfred-nutile-inc/larscanner/vendor/phpunit/phpunit/src/Framework/TestCase.php(894): PHPUnit\\Framework\\TestResult->run()
#12 /Users/alfrednutile/Code/laravel-platform/vendor/alfred-nutile-inc/larscanner/vendor/phpunit/phpunit/src/Framework/TestSuite.php(755): AlfredNutileInc\\LarScanner\\SensioLabsRemoteScannerTest->run()
#13 /Users/alfrednutile/Code/laravel-platform/vendor/alfred-nutile-inc/larscanner/vendor/phpunit/phpunit/src/TextUI/TestRunner.php(546): PHPUnit\\Framework\\TestSuite->run()
#14 /Users/alfrednutile/Code/laravel-platform/vendor/alfred-nutile-inc/larscanner/vendor/phpunit/phpunit/src/TextUI/Command.php(195): PHPUnit\\TextUI\\TestRunner->doRun()
#15 /Users/alfrednutile/Code/laravel-platform/vendor/alfred-nutile-inc/larscanner/vendor/phpunit/phpunit/src/TextUI/Command.php(148): PHPUnit\\TextUI\\Command->run()
#16 /Users/alfrednutile/Code/laravel-platform/vendor/alfred-nutile-inc/larscanner/vendor/phpunit/phpunit/phpunit(53): PHPUnit\\TextUI\\Command::main()
#17 /Users/alfrednutile/Code/laravel-platform/vendor/alfred-nutile-inc/larscanner/vendor/phpunit/phpunit/phpunit(0): {main}()
#18 {main}
"} 
[2018-03-06 17:00:29] testing.ERROR: Error Getting Composer from Repository https://github.com/alnutile/blog  
[2018-03-06 17:00:29] testing.ERROR: ErrorException: json_decode() expects parameter 1 to be string, object given in /Users/alfrednutile/Code/laravel-platform/vendor/alfred-nutile-inc/larscanner/src/SensioLabsRemoteScanner.php:61
Stack trace:
#0 [internal function]: Illuminate\Foundation\Bootstrap\HandleExceptions->handleError(2, 'json_decode() e...', '/Users/alfrednu...', 61, Array)
#1 /Users/alfrednutile/Code/laravel-platform/vendor/alfred-nutile-inc/larscanner/src/SensioLabsRemoteScanner.php(61): json_decode(Object(GuzzleHttp\Psr7\Response), true)
#2 /Users/alfrednutile/Code/laravel-platform/vendor/alfred-nutile-inc/larscanner/src/SensioLabsRemoteScanner.php(33): AlfredNutileInc\LarScanner\SensioLabsRemoteScanner->getBranch()
#3 /Users/alfrednutile/Code/laravel-platform/vendor/alfred-nutile-inc/larscanner/tests/SensioLabsRemoteScannerTest.php(33): AlfredNutileInc\LarScanner\SensioLabsRemoteScanner->handle()
#4 [internal function]: AlfredNutileInc\LarScanner\SensioLabsRemoteScannerTest->testGettingComposerFile()
#5 /Users/alfrednutile/Code/laravel-platform/vendor/alfred-nutile-inc/larscanner/vendor/phpunit/phpunit/src/Framework/TestCase.php(1071): ReflectionMethod->invokeArgs(Object(AlfredNutileInc\LarScanner\SensioLabsRemoteScannerTest), Array)
#6 /Users/alfrednutile/Code/laravel-platform/vendor/alfred-nutile-inc/larscanner/vendor/phpunit/phpunit/src/Framework/TestCase.php(939): PHPUnit\Framework\TestCase->runTest()
#7 /Users/alfrednutile/Code/laravel-platform/vendor/alfred-nutile-inc/larscanner/vendor/phpunit/phpunit/src/Framework/TestResult.php(698): PHPUnit\Framework\TestCase->runBare()
#8 /Users/alfrednutile/Code/laravel-platform/vendor/alfred-nutile-inc/larscanner/vendor/phpunit/phpunit/src/Framework/TestCase.php(894): PHPUnit\Framework\TestResult->run(Object(AlfredNutileInc\LarScanner\SensioLabsRemoteScannerTest))
#9 /Users/alfrednutile/Code/laravel-platform/vendor/alfred-nutile-inc/larscanner/vendor/phpunit/phpunit/src/Framework/TestSuite.php(755): PHPUnit\Framework\TestCase->run(Object(PHPUnit\Framework\TestResult))
#10 /Users/alfrednutile/Code/laravel-platform/vendor/alfred-nutile-inc/larscanner/vendor/phpunit/phpunit/src/TextUI/TestRunner.php(546): PHPUnit\Framework\TestSuite->run(Object(PHPUnit\Framework\TestResult))
#11 /Users/alfrednutile/Code/laravel-platform/vendor/alfred-nutile-inc/larscanner/vendor/phpunit/phpunit/src/TextUI/Command.php(195): PHPUnit\TextUI\TestRunner->doRun(Object(PHPUnit\Framework\TestSuite), Array, true)
#12 /Users/alfrednutile/Code/laravel-platform/vendor/alfred-nutile-inc/larscanner/vendor/phpunit/phpunit/src/TextUI/Command.php(148): PHPUnit\TextUI\Command->run(Array, true)
#13 /Users/alfrednutile/Code/laravel-platform/vendor/alfred-nutile-inc/larscanner/vendor/phpunit/phpunit/phpunit(53): PHPUnit\TextUI\Command::main()
#14 {main}  
[2018-03-06 17:16:06] testing.ERROR: Error Getting Composer from Repository https://github.com/alnutile/blog  
[2018-03-06 17:16:06] testing.ERROR: ErrorException: json_decode() expects parameter 1 to be string, object given in /Users/alfrednutile/Code/laravel-platform/vendor/alfred-nutile-inc/larscanner/src/SensioLabsRemoteScanner.php:61
Stack trace:
#0 [internal function]: Illuminate\Foundation\Bootstrap\HandleExceptions->handleError(2, 'json_decode() e...', '/Users/alfrednu...', 61, Array)
#1 /Users/alfrednutile/Code/laravel-platform/vendor/alfred-nutile-inc/larscanner/src/SensioLabsRemoteScanner.php(61): json_decode(Object(GuzzleHttp\Psr7\Response), true)
#2 /Users/alfrednutile/Code/laravel-platform/vendor/alfred-nutile-inc/larscanner/src/SensioLabsRemoteScanner.php(33): AlfredNutileInc\LarScanner\SensioLabsRemoteScanner->getBranch()
#3 /Users/alfrednutile/Code/laravel-platform/vendor/alfred-nutile-inc/larscanner/tests/SensioLabsRemoteScannerTest.php(19): AlfredNutileInc\LarScanner\SensioLabsRemoteScanner->handle()
#4 [internal function]: AlfredNutileInc\LarScanner\SensioLabsRemoteScannerTest->testFullPrivateRun()
#5 /Users/alfrednutile/Code/laravel-platform/vendor/alfred-nutile-inc/larscanner/vendor/phpunit/phpunit/src/Framework/TestCase.php(1071): ReflectionMethod->invokeArgs(Object(AlfredNutileInc\LarScanner\SensioLabsRemoteScannerTest), Array)
#6 /Users/alfrednutile/Code/laravel-platform/vendor/alfred-nutile-inc/larscanner/vendor/phpunit/phpunit/src/Framework/TestCase.php(939): PHPUnit\Framework\TestCase->runTest()
#7 /Users/alfrednutile/Code/laravel-platform/vendor/alfred-nutile-inc/larscanner/vendor/phpunit/phpunit/src/Framework/TestResult.php(698): PHPUnit\Framework\TestCase->runBare()
#8 /Users/alfrednutile/Code/laravel-platform/vendor/alfred-nutile-inc/larscanner/vendor/phpunit/phpunit/src/Framework/TestCase.php(894): PHPUnit\Framework\TestResult->run(Object(AlfredNutileInc\LarScanner\SensioLabsRemoteScannerTest))
#9 /Users/alfrednutile/Code/laravel-platform/vendor/alfred-nutile-inc/larscanner/vendor/phpunit/phpunit/src/Framework/TestSuite.php(755): PHPUnit\Framework\TestCase->run(Object(PHPUnit\Framework\TestResult))
#10 /Users/alfrednutile/Code/laravel-platform/vendor/alfred-nutile-inc/larscanner/vendor/phpunit/phpunit/src/TextUI/TestRunner.php(546): PHPUnit\Framework\TestSuite->run(Object(PHPUnit\Framework\TestResult))
#11 /Users/alfrednutile/Code/laravel-platform/vendor/alfred-nutile-inc/larscanner/vendor/phpunit/phpunit/src/TextUI/Command.php(195): PHPUnit\TextUI\TestRunner->doRun(Object(PHPUnit\Framework\TestSuite), Array, true)
#12 /Users/alfrednutile/Code/laravel-platform/vendor/alfred-nutile-inc/larscanner/vendor/phpunit/phpunit/src/TextUI/Command.php(148): PHPUnit\TextUI\Command->run(Array, true)
#13 /Users/alfrednutile/Code/laravel-platform/vendor/alfred-nutile-inc/larscanner/vendor/phpunit/phpunit/phpunit(53): PHPUnit\TextUI\Command::main()
#14 {main}  
[2018-03-06 17:16:13] testing.ERROR: Error Getting Composer from Repository https://github.com/alnutile/blog  
[2018-03-06 17:16:13] testing.ERROR: ErrorException: json_decode() expects parameter 1 to be string, object given in /Users/alfrednutile/Code/laravel-platform/vendor/alfred-nutile-inc/larscanner/src/SensioLabsRemoteScanner.php:61
Stack trace:
#0 [internal function]: Illuminate\Foundation\Bootstrap\HandleExceptions->handleError(2, 'json_decode() e...', '/Users/alfrednu...', 61, Array)
#1 /Users/alfrednutile/Code/laravel-platform/vendor/alfred-nutile-inc/larscanner/src/SensioLabsRemoteScanner.php(61): json_decode(Object(GuzzleHttp\Psr7\Response), true)
#2 /Users/alfrednutile/Code/laravel-platform/vendor/alfred-nutile-inc/larscanner/src/SensioLabsRemoteScanner.php(33): AlfredNutileInc\LarScanner\SensioLabsRemoteScanner->getBranch()
#3 /Users/alfrednutile/Code/laravel-platform/vendor/alfred-nutile-inc/larscanner/tests/SensioLabsRemoteScannerTest.php(19): AlfredNutileInc\LarScanner\SensioLabsRemoteScanner->handle()
#4 [internal function]: AlfredNutileInc\LarScanner\SensioLabsRemoteScannerTest->testFullPrivateRun()
#5 /Users/alfrednutile/Code/laravel-platform/vendor/alfred-nutile-inc/larscanner/vendor/phpunit/phpunit/src/Framework/TestCase.php(1071): ReflectionMethod->invokeArgs(Object(AlfredNutileInc\LarScanner\SensioLabsRemoteScannerTest), Array)
#6 /Users/alfrednutile/Code/laravel-platform/vendor/alfred-nutile-inc/larscanner/vendor/phpunit/phpunit/src/Framework/TestCase.php(939): PHPUnit\Framework\TestCase->runTest()
#7 /Users/alfrednutile/Code/laravel-platform/vendor/alfred-nutile-inc/larscanner/vendor/phpunit/phpunit/src/Framework/TestResult.php(698): PHPUnit\Framework\TestCase->runBare()
#8 /Users/alfrednutile/Code/laravel-platform/vendor/alfred-nutile-inc/larscanner/vendor/phpunit/phpunit/src/Framework/TestCase.php(894): PHPUnit\Framework\TestResult->run(Object(AlfredNutileInc\LarScanner\SensioLabsRemoteScannerTest))
#9 /Users/alfrednutile/Code/laravel-platform/vendor/alfred-nutile-inc/larscanner/vendor/phpunit/phpunit/src/Framework/TestSuite.php(755): PHPUnit\Framework\TestCase->run(Object(PHPUnit\Framework\TestResult))
#10 /Users/alfrednutile/Code/laravel-platform/vendor/alfred-nutile-inc/larscanner/vendor/phpunit/phpunit/src/TextUI/TestRunner.php(546): PHPUnit\Framework\TestSuite->run(Object(PHPUnit\Framework\TestResult))
#11 /Users/alfrednutile/Code/laravel-platform/vendor/alfred-nutile-inc/larscanner/vendor/phpunit/phpunit/src/TextUI/Command.php(195): PHPUnit\TextUI\TestRunner->doRun(Object(PHPUnit\Framework\TestSuite), Array, true)
#12 /Users/alfrednutile/Code/laravel-platform/vendor/alfred-nutile-inc/larscanner/vendor/phpunit/phpunit/src/TextUI/Command.php(148): PHPUnit\TextUI\Command->run(Array, true)
#13 /Users/alfrednutile/Code/laravel-platform/vendor/alfred-nutile-inc/larscanner/vendor/phpunit/phpunit/phpunit(53): PHPUnit\TextUI\Command::main()
#14 {main}  
[2018-03-06 17:17:06] testing.ERROR: Error Getting Composer from Repository https://github.com/alnutile/blog  
[2018-03-06 17:17:06] testing.ERROR: ErrorException: json_decode() expects parameter 1 to be string, object given in /Users/alfrednutile/Code/laravel-platform/vendor/alfred-nutile-inc/larscanner/src/SensioLabsRemoteScanner.php:61
Stack trace:
#0 [internal function]: Illuminate\Foundation\Bootstrap\HandleExceptions->handleError(2, 'json_decode() e...', '/Users/alfrednu...', 61, Array)
#1 /Users/alfrednutile/Code/laravel-platform/vendor/alfred-nutile-inc/larscanner/src/SensioLabsRemoteScanner.php(61): json_decode(Object(GuzzleHttp\Psr7\Response), true)
#2 /Users/alfrednutile/Code/laravel-platform/vendor/alfred-nutile-inc/larscanner/src/SensioLabsRemoteScanner.php(33): AlfredNutileInc\LarScanner\SensioLabsRemoteScanner->getBranch()
#3 /Users/alfrednutile/Code/laravel-platform/vendor/alfred-nutile-inc/larscanner/tests/SensioLabsRemoteScannerTest.php(19): AlfredNutileInc\LarScanner\SensioLabsRemoteScanner->handle()
#4 [internal function]: AlfredNutileInc\LarScanner\SensioLabsRemoteScannerTest->testFullPrivateRun()
#5 /Users/alfrednutile/Code/laravel-platform/vendor/alfred-nutile-inc/larscanner/vendor/phpunit/phpunit/src/Framework/TestCase.php(1071): ReflectionMethod->invokeArgs(Object(AlfredNutileInc\LarScanner\SensioLabsRemoteScannerTest), Array)
#6 /Users/alfrednutile/Code/laravel-platform/vendor/alfred-nutile-inc/larscanner/vendor/phpunit/phpunit/src/Framework/TestCase.php(939): PHPUnit\Framework\TestCase->runTest()
#7 /Users/alfrednutile/Code/laravel-platform/vendor/alfred-nutile-inc/larscanner/vendor/phpunit/phpunit/src/Framework/TestResult.php(698): PHPUnit\Framework\TestCase->runBare()
#8 /Users/alfrednutile/Code/laravel-platform/vendor/alfred-nutile-inc/larscanner/vendor/phpunit/phpunit/src/Framework/TestCase.php(894): PHPUnit\Framework\TestResult->run(Object(AlfredNutileInc\LarScanner\SensioLabsRemoteScannerTest))
#9 /Users/alfrednutile/Code/laravel-platform/vendor/alfred-nutile-inc/larscanner/vendor/phpunit/phpunit/src/Framework/TestSuite.php(755): PHPUnit\Framework\TestCase->run(Object(PHPUnit\Framework\TestResult))
#10 /Users/alfrednutile/Code/laravel-platform/vendor/alfred-nutile-inc/larscanner/vendor/phpunit/phpunit/src/TextUI/TestRunner.php(546): PHPUnit\Framework\TestSuite->run(Object(PHPUnit\Framework\TestResult))
#11 /Users/alfrednutile/Code/laravel-platform/vendor/alfred-nutile-inc/larscanner/vendor/phpunit/phpunit/src/TextUI/Command.php(195): PHPUnit\TextUI\TestRunner->doRun(Object(PHPUnit\Framework\TestSuite), Array, true)
#12 /Users/alfrednutile/Code/laravel-platform/vendor/alfred-nutile-inc/larscanner/vendor/phpunit/phpunit/src/TextUI/Command.php(148): PHPUnit\TextUI\Command->run(Array, true)
#13 /Users/alfrednutile/Code/laravel-platform/vendor/alfred-nutile-inc/larscanner/vendor/phpunit/phpunit/phpunit(53): PHPUnit\TextUI\Command::main()
#14 {main}  
[2018-03-06 17:18:00] testing.ERROR: Error Getting Composer from Repository https://github.com/alnutile/blog  
[2018-03-06 17:18:00] testing.ERROR: Exception: Could not find master or mainline on this repo https://github.com/alnutile/blog in /Users/alfrednutile/Code/laravel-platform/vendor/alfred-nutile-inc/larscanner/src/SensioLabsRemoteScanner.php:37
Stack trace:
#0 /Users/alfrednutile/Code/laravel-platform/vendor/alfred-nutile-inc/larscanner/tests/SensioLabsRemoteScannerTest.php(19): AlfredNutileInc\LarScanner\SensioLabsRemoteScanner->handle()
#1 [internal function]: AlfredNutileInc\LarScanner\SensioLabsRemoteScannerTest->testFullPrivateRun()
#2 /Users/alfrednutile/Code/laravel-platform/vendor/alfred-nutile-inc/larscanner/vendor/phpunit/phpunit/src/Framework/TestCase.php(1071): ReflectionMethod->invokeArgs(Object(AlfredNutileInc\LarScanner\SensioLabsRemoteScannerTest), Array)
#3 /Users/alfrednutile/Code/laravel-platform/vendor/alfred-nutile-inc/larscanner/vendor/phpunit/phpunit/src/Framework/TestCase.php(939): PHPUnit\Framework\TestCase->runTest()
#4 /Users/alfrednutile/Code/laravel-platform/vendor/alfred-nutile-inc/larscanner/vendor/phpunit/phpunit/src/Framework/TestResult.php(698): PHPUnit\Framework\TestCase->runBare()
#5 /Users/alfrednutile/Code/laravel-platform/vendor/alfred-nutile-inc/larscanner/vendor/phpunit/phpunit/src/Framework/TestCase.php(894): PHPUnit\Framework\TestResult->run(Object(AlfredNutileInc\LarScanner\SensioLabsRemoteScannerTest))
#6 /Users/alfrednutile/Code/laravel-platform/vendor/alfred-nutile-inc/larscanner/vendor/phpunit/phpunit/src/Framework/TestSuite.php(755): PHPUnit\Framework\TestCase->run(Object(PHPUnit\Framework\TestResult))
#7 /Users/alfrednutile/Code/laravel-platform/vendor/alfred-nutile-inc/larscanner/vendor/phpunit/phpunit/src/TextUI/TestRunner.php(546): PHPUnit\Framework\TestSuite->run(Object(PHPUnit\Framework\TestResult))
#8 /Users/alfrednutile/Code/laravel-platform/vendor/alfred-nutile-inc/larscanner/vendor/phpunit/phpunit/src/TextUI/Command.php(195): PHPUnit\TextUI\TestRunner->doRun(Object(PHPUnit\Framework\TestSuite), Array, true)
#9 /Users/alfrednutile/Code/laravel-platform/vendor/alfred-nutile-inc/larscanner/vendor/phpunit/phpunit/src/TextUI/Command.php(148): PHPUnit\TextUI\Command->run(Array, true)
#10 /Users/alfrednutile/Code/laravel-platform/vendor/alfred-nutile-inc/larscanner/vendor/phpunit/phpunit/phpunit(53): PHPUnit\TextUI\Command::main()
#11 {main}  
[2018-03-06 17:18:50] testing.DEBUG: No results for SensioLabs Scanner  
[2018-03-06 17:19:36] testing.DEBUG: No results for SensioLabs Scanner  
[2018-03-06 17:22:16] testing.DEBUG: No results for SensioLabs Scanner  
[2018-03-06 17:27:25] testing.ERROR: Class AlfredNutileInc\LarScanner\BaseSensioScanner contains 2 abstract methods and must therefore be declared abstract or implement the remaining methods (AlfredNutileInc\LarScanner\BaseScanner::handle, AlfredNutileInc\LarScanner\BaseScanner::transformMessage) {"exception":"[object] (Symfony\\Component\\Debug\\Exception\\FatalErrorException(code: 1): Class AlfredNutileInc\\LarScanner\\BaseSensioScanner contains 2 abstract methods and must therefore be declared abstract or implement the remaining methods (AlfredNutileInc\\LarScanner\\BaseScanner::handle, AlfredNutileInc\\LarScanner\\BaseScanner::transformMessage) at /Users/alfrednutile/Code/laravel-platform/vendor/alfred-nutile-inc/larscanner/src/BaseSensioScanner.php:10)
[stacktrace]
#0 /Users/alfrednutile/Code/laravel-platform/vendor/alfred-nutile-inc/larscanner/vendor/laravel/framework/src/Illuminate/Foundation/Bootstrap/HandleExceptions.php(137): Symfony\\Component\\Debug\\Exception\\FatalErrorException->__construct()
#1 /Users/alfrednutile/Code/laravel-platform/vendor/alfred-nutile-inc/larscanner/vendor/laravel/framework/src/Illuminate/Foundation/Bootstrap/HandleExceptions.php(123): Illuminate\\Foundation\\Bootstrap\\HandleExceptions->fatalExceptionFromError()
#2 /Users/alfrednutile/Code/laravel-platform/vendor/alfred-nutile-inc/larscanner/vendor/laravel/framework/src/Illuminate/Foundation/Bootstrap/HandleExceptions.php(0): Illuminate\\Foundation\\Bootstrap\\HandleExceptions->handleShutdown()
#3 /Users/alfrednutile/Code/laravel-platform/vendor/alfred-nutile-inc/larscanner/vendor/composer/ClassLoader.php(444): ()
#4 /Users/alfrednutile/Code/laravel-platform/vendor/alfred-nutile-inc/larscanner/vendor/composer/ClassLoader.php(322): Composer\\Autoload\\includeFile()
#5 /Users/alfrednutile/Code/laravel-platform/vendor/alfred-nutile-inc/larscanner/src/SensioLabsRemoteScanner.php(10): Composer\\Autoload\\ClassLoader->loadClass()
#6 /Users/alfrednutile/Code/laravel-platform/vendor/alfred-nutile-inc/larscanner/src/SensioLabsRemoteScanner.php(10): spl_autoload_call()
#7 /Users/alfrednutile/Code/laravel-platform/vendor/alfred-nutile-inc/larscanner/vendor/composer/ClassLoader.php(444): ()
#8 /Users/alfrednutile/Code/laravel-platform/vendor/alfred-nutile-inc/larscanner/vendor/composer/ClassLoader.php(322): Composer\\Autoload\\includeFile()
#9 /Users/alfrednutile/Code/laravel-platform/vendor/alfred-nutile-inc/larscanner/tests/SensioLabsRemoteScannerTest.php(15): Composer\\Autoload\\ClassLoader->loadClass()
#10 /Users/alfrednutile/Code/laravel-platform/vendor/alfred-nutile-inc/larscanner/tests/SensioLabsRemoteScannerTest.php(15): spl_autoload_call()
#11 /Users/alfrednutile/Code/laravel-platform/vendor/alfred-nutile-inc/larscanner/vendor/phpunit/phpunit/src/Framework/TestCase.php(1071): AlfredNutileInc\\LarScanner\\SensioLabsRemoteScannerTest->testFullPrivateRun()
#12 /Users/alfrednutile/Code/laravel-platform/vendor/alfred-nutile-inc/larscanner/vendor/phpunit/phpunit/src/Framework/TestCase.php(1071): ReflectionMethod->invokeArgs()
#13 /Users/alfrednutile/Code/laravel-platform/vendor/alfred-nutile-inc/larscanner/vendor/phpunit/phpunit/src/Framework/TestCase.php(939): AlfredNutileInc\\LarScanner\\SensioLabsRemoteScannerTest->runTest()
#14 /Users/alfrednutile/Code/laravel-platform/vendor/alfred-nutile-inc/larscanner/vendor/phpunit/phpunit/src/Framework/TestResult.php(698): AlfredNutileInc\\LarScanner\\SensioLabsRemoteScannerTest->runBare()
#15 /Users/alfrednutile/Code/laravel-platform/vendor/alfred-nutile-inc/larscanner/vendor/phpunit/phpunit/src/Framework/TestCase.php(894): PHPUnit\\Framework\\TestResult->run()
#16 /Users/alfrednutile/Code/laravel-platform/vendor/alfred-nutile-inc/larscanner/vendor/phpunit/phpunit/src/Framework/TestSuite.php(755): AlfredNutileInc\\LarScanner\\SensioLabsRemoteScannerTest->run()
#17 /Users/alfrednutile/Code/laravel-platform/vendor/alfred-nutile-inc/larscanner/vendor/phpunit/phpunit/src/TextUI/TestRunner.php(546): PHPUnit\\Framework\\TestSuite->run()
#18 /Users/alfrednutile/Code/laravel-platform/vendor/alfred-nutile-inc/larscanner/vendor/phpunit/phpunit/src/TextUI/Command.php(195): PHPUnit\\TextUI\\TestRunner->doRun()
#19 /Users/alfrednutile/Code/laravel-platform/vendor/alfred-nutile-inc/larscanner/vendor/phpunit/phpunit/src/TextUI/Command.php(148): PHPUnit\\TextUI\\Command->run()
#20 /Users/alfrednutile/Code/laravel-platform/vendor/alfred-nutile-inc/larscanner/vendor/phpunit/phpunit/phpunit(53): PHPUnit\\TextUI\\Command::main()
#21 /Users/alfrednutile/Code/laravel-platform/vendor/alfred-nutile-inc/larscanner/vendor/phpunit/phpunit/phpunit(0): {main}()
#22 {main}
"} 
[2018-03-06 17:28:38] testing.ERROR: Error Getting Composer from Repository https://github.com/alnutile/security-scanner-show-error-poc  
[2018-03-06 17:28:38] testing.ERROR: GuzzleHttp\Exception\ClientException: Client error: `GET https://api.github.com/repos/alnutile/security-scanner-show-error-poc/branches?access_token=` resulted in a `403 Forbidden` response:
{
  "message": "API rate limit exceeded for 148.168.96.5. (But here's the good news: Authenticated requests get a higher (truncated...)
 in /Users/alfrednutile/Code/laravel-platform/vendor/alfred-nutile-inc/larscanner/vendor/guzzlehttp/guzzle/src/Exception/RequestException.php:113
Stack trace:
#0 /Users/alfrednutile/Code/laravel-platform/vendor/alfred-nutile-inc/larscanner/vendor/guzzlehttp/guzzle/src/Middleware.php(65): GuzzleHttp\Exception\RequestException::create(Object(GuzzleHttp\Psr7\Request), Object(GuzzleHttp\Psr7\Response))
#1 /Users/alfrednutile/Code/laravel-platform/vendor/alfred-nutile-inc/larscanner/vendor/guzzlehttp/promises/src/Promise.php(203): GuzzleHttp\Middleware::GuzzleHttp\{closure}(Object(GuzzleHttp\Psr7\Response))
#2 /Users/alfrednutile/Code/laravel-platform/vendor/alfred-nutile-inc/larscanner/vendor/guzzlehttp/promises/src/Promise.php(156): GuzzleHttp\Promise\Promise::callHandler(1, Object(GuzzleHttp\Psr7\Response), Array)
#3 /Users/alfrednutile/Code/laravel-platform/vendor/alfred-nutile-inc/larscanner/vendor/guzzlehttp/promises/src/TaskQueue.php(47): GuzzleHttp\Promise\Promise::GuzzleHttp\Promise\{closure}()
#4 /Users/alfrednutile/Code/laravel-platform/vendor/alfred-nutile-inc/larscanner/vendor/guzzlehttp/promises/src/Promise.php(246): GuzzleHttp\Promise\TaskQueue->run(true)
#5 /Users/alfrednutile/Code/laravel-platform/vendor/alfred-nutile-inc/larscanner/vendor/guzzlehttp/promises/src/Promise.php(223): GuzzleHttp\Promise\Promise->invokeWaitFn()
#6 /Users/alfrednutile/Code/laravel-platform/vendor/alfred-nutile-inc/larscanner/vendor/guzzlehttp/promises/src/Promise.php(267): GuzzleHttp\Promise\Promise->waitIfPending()
#7 /Users/alfrednutile/Code/laravel-platform/vendor/alfred-nutile-inc/larscanner/vendor/guzzlehttp/promises/src/Promise.php(225): GuzzleHttp\Promise\Promise->invokeWaitList()
#8 /Users/alfrednutile/Code/laravel-platform/vendor/alfred-nutile-inc/larscanner/vendor/guzzlehttp/promises/src/Promise.php(62): GuzzleHttp\Promise\Promise->waitIfPending()
#9 /Users/alfrednutile/Code/laravel-platform/vendor/alfred-nutile-inc/larscanner/vendor/guzzlehttp/guzzle/src/Client.php(131): GuzzleHttp\Promise\Promise->wait()
#10 /Users/alfrednutile/Code/laravel-platform/vendor/alfred-nutile-inc/larscanner/vendor/guzzlehttp/guzzle/src/Client.php(89): GuzzleHttp\Client->request('get', 'https://api.git...', Array)
#11 /Users/alfrednutile/Code/laravel-platform/vendor/alfred-nutile-inc/larscanner/src/SensioLabsRemoteScanner.php(64): GuzzleHttp\Client->__call('get', Array)
#12 /Users/alfrednutile/Code/laravel-platform/vendor/alfred-nutile-inc/larscanner/src/SensioLabsRemoteScanner.php(34): AlfredNutileInc\LarScanner\SensioLabsRemoteScanner->getBranch()
#13 /Users/alfrednutile/Code/laravel-platform/vendor/alfred-nutile-inc/larscanner/tests/SensioLabsRemoteScannerTest.php(20): AlfredNutileInc\LarScanner\SensioLabsRemoteScanner->handle()
#14 [internal function]: AlfredNutileInc\LarScanner\SensioLabsRemoteScannerTest->testFullPrivateRun()
#15 /Users/alfrednutile/Code/laravel-platform/vendor/alfred-nutile-inc/larscanner/vendor/phpunit/phpunit/src/Framework/TestCase.php(1071): ReflectionMethod->invokeArgs(Object(AlfredNutileInc\LarScanner\SensioLabsRemoteScannerTest), Array)
#16 /Users/alfrednutile/Code/laravel-platform/vendor/alfred-nutile-inc/larscanner/vendor/phpunit/phpunit/src/Framework/TestCase.php(939): PHPUnit\Framework\TestCase->runTest()
#17 /Users/alfrednutile/Code/laravel-platform/vendor/alfred-nutile-inc/larscanner/vendor/phpunit/phpunit/src/Framework/TestResult.php(698): PHPUnit\Framework\TestCase->runBare()
#18 /Users/alfrednutile/Code/laravel-platform/vendor/alfred-nutile-inc/larscanner/vendor/phpunit/phpunit/src/Framework/TestCase.php(894): PHPUnit\Framework\TestResult->run(Object(AlfredNutileInc\LarScanner\SensioLabsRemoteScannerTest))
#19 /Users/alfrednutile/Code/laravel-platform/vendor/alfred-nutile-inc/larscanner/vendor/phpunit/phpunit/src/Framework/TestSuite.php(755): PHPUnit\Framework\TestCase->run(Object(PHPUnit\Framework\TestResult))
#20 /Users/alfrednutile/Code/laravel-platform/vendor/alfred-nutile-inc/larscanner/vendor/phpunit/phpunit/src/TextUI/TestRunner.php(546): PHPUnit\Framework\TestSuite->run(Object(PHPUnit\Framework\TestResult))
#21 /Users/alfrednutile/Code/laravel-platform/vendor/alfred-nutile-inc/larscanner/vendor/phpunit/phpunit/src/TextUI/Command.php(195): PHPUnit\TextUI\TestRunner->doRun(Object(PHPUnit\Framework\TestSuite), Array, true)
#22 /Users/alfrednutile/Code/laravel-platform/vendor/alfred-nutile-inc/larscanner/vendor/phpunit/phpunit/src/TextUI/Command.php(148): PHPUnit\TextUI\Command->run(Array, true)
#23 /Users/alfrednutile/Code/laravel-platform/vendor/alfred-nutile-inc/larscanner/vendor/phpunit/phpunit/phpunit(53): PHPUnit\TextUI\Command::main()
#24 {main}  
[2018-03-06 17:29:51] testing.ERROR: Error Getting Composer from Repository https://github.com/alnutile/security-scanner-show-error-poc  
[2018-03-06 17:29:51] testing.ERROR: GuzzleHttp\Exception\ClientException: Client error: `GET https://api.github.com/repos/alnutile/security-scanner-show-error-poc/branches?access_token=Ul5iNeVNrL8Cr+mnMxVfY+WWsX2tbpC9SZNyB6EEYdc=` resulted in a `401 Unauthorized` response:
{
  "message": "Bad credentials",
  "documentation_url": "https://developer.github.com/v3"
}

 in /Users/alfrednutile/Code/laravel-platform/vendor/alfred-nutile-inc/larscanner/vendor/guzzlehttp/guzzle/src/Exception/RequestException.php:113
Stack trace:
#0 /Users/alfrednutile/Code/laravel-platform/vendor/alfred-nutile-inc/larscanner/vendor/guzzlehttp/guzzle/src/Middleware.php(65): GuzzleHttp\Exception\RequestException::create(Object(GuzzleHttp\Psr7\Request), Object(GuzzleHttp\Psr7\Response))
#1 /Users/alfrednutile/Code/laravel-platform/vendor/alfred-nutile-inc/larscanner/vendor/guzzlehttp/promises/src/Promise.php(203): GuzzleHttp\Middleware::GuzzleHttp\{closure}(Object(GuzzleHttp\Psr7\Response))
#2 /Users/alfrednutile/Code/laravel-platform/vendor/alfred-nutile-inc/larscanner/vendor/guzzlehttp/promises/src/Promise.php(156): GuzzleHttp\Promise\Promise::callHandler(1, Object(GuzzleHttp\Psr7\Response), Array)
#3 /Users/alfrednutile/Code/laravel-platform/vendor/alfred-nutile-inc/larscanner/vendor/guzzlehttp/promises/src/TaskQueue.php(47): GuzzleHttp\Promise\Promise::GuzzleHttp\Promise\{closure}()
#4 /Users/alfrednutile/Code/laravel-platform/vendor/alfred-nutile-inc/larscanner/vendor/guzzlehttp/promises/src/Promise.php(246): GuzzleHttp\Promise\TaskQueue->run(true)
#5 /Users/alfrednutile/Code/laravel-platform/vendor/alfred-nutile-inc/larscanner/vendor/guzzlehttp/promises/src/Promise.php(223): GuzzleHttp\Promise\Promise->invokeWaitFn()
#6 /Users/alfrednutile/Code/laravel-platform/vendor/alfred-nutile-inc/larscanner/vendor/guzzlehttp/promises/src/Promise.php(267): GuzzleHttp\Promise\Promise->waitIfPending()
#7 /Users/alfrednutile/Code/laravel-platform/vendor/alfred-nutile-inc/larscanner/vendor/guzzlehttp/promises/src/Promise.php(225): GuzzleHttp\Promise\Promise->invokeWaitList()
#8 /Users/alfrednutile/Code/laravel-platform/vendor/alfred-nutile-inc/larscanner/vendor/guzzlehttp/promises/src/Promise.php(62): GuzzleHttp\Promise\Promise->waitIfPending()
#9 /Users/alfrednutile/Code/laravel-platform/vendor/alfred-nutile-inc/larscanner/vendor/guzzlehttp/guzzle/src/Client.php(131): GuzzleHttp\Promise\Promise->wait()
#10 /Users/alfrednutile/Code/laravel-platform/vendor/alfred-nutile-inc/larscanner/vendor/guzzlehttp/guzzle/src/Client.php(89): GuzzleHttp\Client->request('get', 'https://api.git...', Array)
#11 /Users/alfrednutile/Code/laravel-platform/vendor/alfred-nutile-inc/larscanner/src/SensioLabsRemoteScanner.php(64): GuzzleHttp\Client->__call('get', Array)
#12 /Users/alfrednutile/Code/laravel-platform/vendor/alfred-nutile-inc/larscanner/src/SensioLabsRemoteScanner.php(34): AlfredNutileInc\LarScanner\SensioLabsRemoteScanner->getBranch()
#13 /Users/alfrednutile/Code/laravel-platform/vendor/alfred-nutile-inc/larscanner/tests/SensioLabsRemoteScannerTest.php(20): AlfredNutileInc\LarScanner\SensioLabsRemoteScanner->handle()
#14 [internal function]: AlfredNutileInc\LarScanner\SensioLabsRemoteScannerTest->testFullPrivateRun()
#15 /Users/alfrednutile/Code/laravel-platform/vendor/alfred-nutile-inc/larscanner/vendor/phpunit/phpunit/src/Framework/TestCase.php(1071): ReflectionMethod->invokeArgs(Object(AlfredNutileInc\LarScanner\SensioLabsRemoteScannerTest), Array)
#16 /Users/alfrednutile/Code/laravel-platform/vendor/alfred-nutile-inc/larscanner/vendor/phpunit/phpunit/src/Framework/TestCase.php(939): PHPUnit\Framework\TestCase->runTest()
#17 /Users/alfrednutile/Code/laravel-platform/vendor/alfred-nutile-inc/larscanner/vendor/phpunit/phpunit/src/Framework/TestResult.php(698): PHPUnit\Framework\TestCase->runBare()
#18 /Users/alfrednutile/Code/laravel-platform/vendor/alfred-nutile-inc/larscanner/vendor/phpunit/phpunit/src/Framework/TestCase.php(894): PHPUnit\Framework\TestResult->run(Object(AlfredNutileInc\LarScanner\SensioLabsRemoteScannerTest))
#19 /Users/alfrednutile/Code/laravel-platform/vendor/alfred-nutile-inc/larscanner/vendor/phpunit/phpunit/src/Framework/TestSuite.php(755): PHPUnit\Framework\TestCase->run(Object(PHPUnit\Framework\TestResult))
#20 /Users/alfrednutile/Code/laravel-platform/vendor/alfred-nutile-inc/larscanner/vendor/phpunit/phpunit/src/TextUI/TestRunner.php(546): PHPUnit\Framework\TestSuite->run(Object(PHPUnit\Framework\TestResult))
#21 /Users/alfrednutile/Code/laravel-platform/vendor/alfred-nutile-inc/larscanner/vendor/phpunit/phpunit/src/TextUI/Command.php(195): PHPUnit\TextUI\TestRunner->doRun(Object(PHPUnit\Framework\TestSuite), Array, true)
#22 /Users/alfrednutile/Code/laravel-platform/vendor/alfred-nutile-inc/larscanner/vendor/phpunit/phpunit/src/TextUI/Command.php(148): PHPUnit\TextUI\Command->run(Array, true)
#23 /Users/alfrednutile/Code/laravel-platform/vendor/alfred-nutile-inc/larscanner/vendor/phpunit/phpunit/phpunit(53): PHPUnit\TextUI\Command::main()
#24 {main}  
[2018-03-06 17:43:28] testing.ERROR: Error Getting Composer from Repository https://github.com/alnutile/security-scanner-show-error-poc  
[2018-03-06 17:43:28] testing.ERROR: ErrorException: sprintf(): Too few arguments in /Users/alfrednutile/Code/laravel-platform/vendor/alfred-nutile-inc/larscanner/src/SensioLabsRemoteScanner.php:100
Stack trace:
#0 [internal function]: Illuminate\Foundation\Bootstrap\HandleExceptions->handleError(2, 'sprintf(): Too ...', '/Users/alfrednu...', 100, Array)
#1 /Users/alfrednutile/Code/laravel-platform/vendor/alfred-nutile-inc/larscanner/src/SensioLabsRemoteScanner.php(100): sprintf('https://%s:%s@a...', '/alnutile/secur...')
#2 /Users/alfrednutile/Code/laravel-platform/vendor/alfred-nutile-inc/larscanner/src/SensioLabsRemoteScanner.php(62): AlfredNutileInc\LarScanner\SensioLabsRemoteScanner->getReposFromGitUrl('https://github....')
#3 /Users/alfrednutile/Code/laravel-platform/vendor/alfred-nutile-inc/larscanner/src/SensioLabsRemoteScanner.php(34): AlfredNutileInc\LarScanner\SensioLabsRemoteScanner->getBranch()
#4 /Users/alfrednutile/Code/laravel-platform/vendor/alfred-nutile-inc/larscanner/tests/SensioLabsRemoteScannerTest.php(18): AlfredNutileInc\LarScanner\SensioLabsRemoteScanner->handle()
#5 [internal function]: AlfredNutileInc\LarScanner\SensioLabsRemoteScannerTest->testFullPrivateRun()
#6 /Users/alfrednutile/Code/laravel-platform/vendor/alfred-nutile-inc/larscanner/vendor/phpunit/phpunit/src/Framework/TestCase.php(1071): ReflectionMethod->invokeArgs(Object(AlfredNutileInc\LarScanner\SensioLabsRemoteScannerTest), Array)
#7 /Users/alfrednutile/Code/laravel-platform/vendor/alfred-nutile-inc/larscanner/vendor/phpunit/phpunit/src/Framework/TestCase.php(939): PHPUnit\Framework\TestCase->runTest()
#8 /Users/alfrednutile/Code/laravel-platform/vendor/alfred-nutile-inc/larscanner/vendor/phpunit/phpunit/src/Framework/TestResult.php(698): PHPUnit\Framework\TestCase->runBare()
#9 /Users/alfrednutile/Code/laravel-platform/vendor/alfred-nutile-inc/larscanner/vendor/phpunit/phpunit/src/Framework/TestCase.php(894): PHPUnit\Framework\TestResult->run(Object(AlfredNutileInc\LarScanner\SensioLabsRemoteScannerTest))
#10 /Users/alfrednutile/Code/laravel-platform/vendor/alfred-nutile-inc/larscanner/vendor/phpunit/phpunit/src/Framework/TestSuite.php(755): PHPUnit\Framework\TestCase->run(Object(PHPUnit\Framework\TestResult))
#11 /Users/alfrednutile/Code/laravel-platform/vendor/alfred-nutile-inc/larscanner/vendor/phpunit/phpunit/src/TextUI/TestRunner.php(546): PHPUnit\Framework\TestSuite->run(Object(PHPUnit\Framework\TestResult))
#12 /Users/alfrednutile/Code/laravel-platform/vendor/alfred-nutile-inc/larscanner/vendor/phpunit/phpunit/src/TextUI/Command.php(195): PHPUnit\TextUI\TestRunner->doRun(Object(PHPUnit\Framework\TestSuite), Array, true)
#13 /Users/alfrednutile/Code/laravel-platform/vendor/alfred-nutile-inc/larscanner/vendor/phpunit/phpunit/src/TextUI/Command.php(148): PHPUnit\TextUI\Command->run(Array, true)
#14 /Users/alfrednutile/Code/laravel-platform/vendor/alfred-nutile-inc/larscanner/vendor/phpunit/phpunit/phpunit(53): PHPUnit\TextUI\Command::main()
#15 {main}  
[2018-03-06 17:43:35] testing.ERROR: Error Getting Composer from Repository https://github.com/alnutile/security-scanner-show-error-poc  
[2018-03-06 17:43:35] testing.ERROR: ErrorException: sprintf(): Too few arguments in /Users/alfrednutile/Code/laravel-platform/vendor/alfred-nutile-inc/larscanner/src/SensioLabsRemoteScanner.php:100
Stack trace:
#0 [internal function]: Illuminate\Foundation\Bootstrap\HandleExceptions->handleError(2, 'sprintf(): Too ...', '/Users/alfrednu...', 100, Array)
#1 /Users/alfrednutile/Code/laravel-platform/vendor/alfred-nutile-inc/larscanner/src/SensioLabsRemoteScanner.php(100): sprintf('https://%s:%s@a...', '/alnutile/secur...')
#2 /Users/alfrednutile/Code/laravel-platform/vendor/alfred-nutile-inc/larscanner/src/SensioLabsRemoteScanner.php(62): AlfredNutileInc\LarScanner\SensioLabsRemoteScanner->getReposFromGitUrl('https://github....')
#3 /Users/alfrednutile/Code/laravel-platform/vendor/alfred-nutile-inc/larscanner/src/SensioLabsRemoteScanner.php(34): AlfredNutileInc\LarScanner\SensioLabsRemoteScanner->getBranch()
#4 /Users/alfrednutile/Code/laravel-platform/vendor/alfred-nutile-inc/larscanner/tests/SensioLabsRemoteScannerTest.php(18): AlfredNutileInc\LarScanner\SensioLabsRemoteScanner->handle()
#5 [internal function]: AlfredNutileInc\LarScanner\SensioLabsRemoteScannerTest->testFullPrivateRun()
#6 /Users/alfrednutile/Code/laravel-platform/vendor/alfred-nutile-inc/larscanner/vendor/phpunit/phpunit/src/Framework/TestCase.php(1071): ReflectionMethod->invokeArgs(Object(AlfredNutileInc\LarScanner\SensioLabsRemoteScannerTest), Array)
#7 /Users/alfrednutile/Code/laravel-platform/vendor/alfred-nutile-inc/larscanner/vendor/phpunit/phpunit/src/Framework/TestCase.php(939): PHPUnit\Framework\TestCase->runTest()
#8 /Users/alfrednutile/Code/laravel-platform/vendor/alfred-nutile-inc/larscanner/vendor/phpunit/phpunit/src/Framework/TestResult.php(698): PHPUnit\Framework\TestCase->runBare()
#9 /Users/alfrednutile/Code/laravel-platform/vendor/alfred-nutile-inc/larscanner/vendor/phpunit/phpunit/src/Framework/TestCase.php(894): PHPUnit\Framework\TestResult->run(Object(AlfredNutileInc\LarScanner\SensioLabsRemoteScannerTest))
#10 /Users/alfrednutile/Code/laravel-platform/vendor/alfred-nutile-inc/larscanner/vendor/phpunit/phpunit/src/Framework/TestSuite.php(755): PHPUnit\Framework\TestCase->run(Object(PHPUnit\Framework\TestResult))
#11 /Users/alfrednutile/Code/laravel-platform/vendor/alfred-nutile-inc/larscanner/vendor/phpunit/phpunit/src/TextUI/TestRunner.php(546): PHPUnit\Framework\TestSuite->run(Object(PHPUnit\Framework\TestResult))
#12 /Users/alfrednutile/Code/laravel-platform/vendor/alfred-nutile-inc/larscanner/vendor/phpunit/phpunit/src/TextUI/Command.php(195): PHPUnit\TextUI\TestRunner->doRun(Object(PHPUnit\Framework\TestSuite), Array, true)
#13 /Users/alfrednutile/Code/laravel-platform/vendor/alfred-nutile-inc/larscanner/vendor/phpunit/phpunit/src/TextUI/Command.php(148): PHPUnit\TextUI\Command->run(Array, true)
#14 /Users/alfrednutile/Code/laravel-platform/vendor/alfred-nutile-inc/larscanner/vendor/phpunit/phpunit/phpunit(53): PHPUnit\TextUI\Command::main()
#15 {main}  
[2018-03-06 17:44:07] testing.ERROR: Error Getting Composer from Repository https://github.com/alnutile/security-scanner-show-error-poc  
[2018-03-06 17:44:07] testing.ERROR: GuzzleHttp\Exception\ClientException: Client error: `GET https://cloudappteamsmarts:***@api.github.com/repos/alnutile/security-scanner-show-error-poc/branches` resulted in a `401 Unauthorized` response:
{
  "message": "Bad credentials",
  "documentation_url": "https://developer.github.com/v3"
}

 in /Users/alfrednutile/Code/laravel-platform/vendor/alfred-nutile-inc/larscanner/vendor/guzzlehttp/guzzle/src/Exception/RequestException.php:113
Stack trace:
#0 /Users/alfrednutile/Code/laravel-platform/vendor/alfred-nutile-inc/larscanner/vendor/guzzlehttp/guzzle/src/Middleware.php(65): GuzzleHttp\Exception\RequestException::create(Object(GuzzleHttp\Psr7\Request), Object(GuzzleHttp\Psr7\Response))
#1 /Users/alfrednutile/Code/laravel-platform/vendor/alfred-nutile-inc/larscanner/vendor/guzzlehttp/promises/src/Promise.php(203): GuzzleHttp\Middleware::GuzzleHttp\{closure}(Object(GuzzleHttp\Psr7\Response))
#2 /Users/alfrednutile/Code/laravel-platform/vendor/alfred-nutile-inc/larscanner/vendor/guzzlehttp/promises/src/Promise.php(156): GuzzleHttp\Promise\Promise::callHandler(1, Object(GuzzleHttp\Psr7\Response), Array)
#3 /Users/alfrednutile/Code/laravel-platform/vendor/alfred-nutile-inc/larscanner/vendor/guzzlehttp/promises/src/TaskQueue.php(47): GuzzleHttp\Promise\Promise::GuzzleHttp\Promise\{closure}()
#4 /Users/alfrednutile/Code/laravel-platform/vendor/alfred-nutile-inc/larscanner/vendor/guzzlehttp/promises/src/Promise.php(246): GuzzleHttp\Promise\TaskQueue->run(true)
#5 /Users/alfrednutile/Code/laravel-platform/vendor/alfred-nutile-inc/larscanner/vendor/guzzlehttp/promises/src/Promise.php(223): GuzzleHttp\Promise\Promise->invokeWaitFn()
#6 /Users/alfrednutile/Code/laravel-platform/vendor/alfred-nutile-inc/larscanner/vendor/guzzlehttp/promises/src/Promise.php(267): GuzzleHttp\Promise\Promise->waitIfPending()
#7 /Users/alfrednutile/Code/laravel-platform/vendor/alfred-nutile-inc/larscanner/vendor/guzzlehttp/promises/src/Promise.php(225): GuzzleHttp\Promise\Promise->invokeWaitList()
#8 /Users/alfrednutile/Code/laravel-platform/vendor/alfred-nutile-inc/larscanner/vendor/guzzlehttp/promises/src/Promise.php(62): GuzzleHttp\Promise\Promise->waitIfPending()
#9 /Users/alfrednutile/Code/laravel-platform/vendor/alfred-nutile-inc/larscanner/vendor/guzzlehttp/guzzle/src/Client.php(131): GuzzleHttp\Promise\Promise->wait()
#10 /Users/alfrednutile/Code/laravel-platform/vendor/alfred-nutile-inc/larscanner/vendor/guzzlehttp/guzzle/src/Client.php(89): GuzzleHttp\Client->request('get', 'https://cloudap...', Array)
#11 /Users/alfrednutile/Code/laravel-platform/vendor/alfred-nutile-inc/larscanner/src/SensioLabsRemoteScanner.php(64): GuzzleHttp\Client->__call('get', Array)
#12 /Users/alfrednutile/Code/laravel-platform/vendor/alfred-nutile-inc/larscanner/src/SensioLabsRemoteScanner.php(34): AlfredNutileInc\LarScanner\SensioLabsRemoteScanner->getBranch()
#13 /Users/alfrednutile/Code/laravel-platform/vendor/alfred-nutile-inc/larscanner/tests/SensioLabsRemoteScannerTest.php(18): AlfredNutileInc\LarScanner\SensioLabsRemoteScanner->handle()
#14 [internal function]: AlfredNutileInc\LarScanner\SensioLabsRemoteScannerTest->testFullPrivateRun()
#15 /Users/alfrednutile/Code/laravel-platform/vendor/alfred-nutile-inc/larscanner/vendor/phpunit/phpunit/src/Framework/TestCase.php(1071): ReflectionMethod->invokeArgs(Object(AlfredNutileInc\LarScanner\SensioLabsRemoteScannerTest), Array)
#16 /Users/alfrednutile/Code/laravel-platform/vendor/alfred-nutile-inc/larscanner/vendor/phpunit/phpunit/src/Framework/TestCase.php(939): PHPUnit\Framework\TestCase->runTest()
#17 /Users/alfrednutile/Code/laravel-platform/vendor/alfred-nutile-inc/larscanner/vendor/phpunit/phpunit/src/Framework/TestResult.php(698): PHPUnit\Framework\TestCase->runBare()
#18 /Users/alfrednutile/Code/laravel-platform/vendor/alfred-nutile-inc/larscanner/vendor/phpunit/phpunit/src/Framework/TestCase.php(894): PHPUnit\Framework\TestResult->run(Object(AlfredNutileInc\LarScanner\SensioLabsRemoteScannerTest))
#19 /Users/alfrednutile/Code/laravel-platform/vendor/alfred-nutile-inc/larscanner/vendor/phpunit/phpunit/src/Framework/TestSuite.php(755): PHPUnit\Framework\TestCase->run(Object(PHPUnit\Framework\TestResult))
#20 /Users/alfrednutile/Code/laravel-platform/vendor/alfred-nutile-inc/larscanner/vendor/phpunit/phpunit/src/TextUI/TestRunner.php(546): PHPUnit\Framework\TestSuite->run(Object(PHPUnit\Framework\TestResult))
#21 /Users/alfrednutile/Code/laravel-platform/vendor/alfred-nutile-inc/larscanner/vendor/phpunit/phpunit/src/TextUI/Command.php(195): PHPUnit\TextUI\TestRunner->doRun(Object(PHPUnit\Framework\TestSuite), Array, true)
#22 /Users/alfrednutile/Code/laravel-platform/vendor/alfred-nutile-inc/larscanner/vendor/phpunit/phpunit/src/TextUI/Command.php(148): PHPUnit\TextUI\Command->run(Array, true)
#23 /Users/alfrednutile/Code/laravel-platform/vendor/alfred-nutile-inc/larscanner/vendor/phpunit/phpunit/phpunit(53): PHPUnit\TextUI\Command::main()
#24 {main}  
[2018-03-06 17:45:40] testing.ERROR: Error Getting Composer from Repository https://github.com/alnutile/security-scanner-show-error-poc  
[2018-03-06 17:45:40] testing.ERROR: GuzzleHttp\Exception\ClientException: Client error: `GET https://cloudappteamsmarts:***@api.github.com/repos/alnutile/security-scanner-show-error-poc/branches` resulted in a `401 Unauthorized` response:
{
  "message": "Bad credentials",
  "documentation_url": "https://developer.github.com/v3"
}

 in /Users/alfrednutile/Code/laravel-platform/vendor/alfred-nutile-inc/larscanner/vendor/guzzlehttp/guzzle/src/Exception/RequestException.php:113
Stack trace:
#0 /Users/alfrednutile/Code/laravel-platform/vendor/alfred-nutile-inc/larscanner/vendor/guzzlehttp/guzzle/src/Middleware.php(65): GuzzleHttp\Exception\RequestException::create(Object(GuzzleHttp\Psr7\Request), Object(GuzzleHttp\Psr7\Response))
#1 /Users/alfrednutile/Code/laravel-platform/vendor/alfred-nutile-inc/larscanner/vendor/guzzlehttp/promises/src/Promise.php(203): GuzzleHttp\Middleware::GuzzleHttp\{closure}(Object(GuzzleHttp\Psr7\Response))
#2 /Users/alfrednutile/Code/laravel-platform/vendor/alfred-nutile-inc/larscanner/vendor/guzzlehttp/promises/src/Promise.php(156): GuzzleHttp\Promise\Promise::callHandler(1, Object(GuzzleHttp\Psr7\Response), Array)
#3 /Users/alfrednutile/Code/laravel-platform/vendor/alfred-nutile-inc/larscanner/vendor/guzzlehttp/promises/src/TaskQueue.php(47): GuzzleHttp\Promise\Promise::GuzzleHttp\Promise\{closure}()
#4 /Users/alfrednutile/Code/laravel-platform/vendor/alfred-nutile-inc/larscanner/vendor/guzzlehttp/promises/src/Promise.php(246): GuzzleHttp\Promise\TaskQueue->run(true)
#5 /Users/alfrednutile/Code/laravel-platform/vendor/alfred-nutile-inc/larscanner/vendor/guzzlehttp/promises/src/Promise.php(223): GuzzleHttp\Promise\Promise->invokeWaitFn()
#6 /Users/alfrednutile/Code/laravel-platform/vendor/alfred-nutile-inc/larscanner/vendor/guzzlehttp/promises/src/Promise.php(267): GuzzleHttp\Promise\Promise->waitIfPending()
#7 /Users/alfrednutile/Code/laravel-platform/vendor/alfred-nutile-inc/larscanner/vendor/guzzlehttp/promises/src/Promise.php(225): GuzzleHttp\Promise\Promise->invokeWaitList()
#8 /Users/alfrednutile/Code/laravel-platform/vendor/alfred-nutile-inc/larscanner/vendor/guzzlehttp/promises/src/Promise.php(62): GuzzleHttp\Promise\Promise->waitIfPending()
#9 /Users/alfrednutile/Code/laravel-platform/vendor/alfred-nutile-inc/larscanner/vendor/guzzlehttp/guzzle/src/Client.php(131): GuzzleHttp\Promise\Promise->wait()
#10 /Users/alfrednutile/Code/laravel-platform/vendor/alfred-nutile-inc/larscanner/vendor/guzzlehttp/guzzle/src/Client.php(89): GuzzleHttp\Client->request('get', 'https://cloudap...', Array)
#11 /Users/alfrednutile/Code/laravel-platform/vendor/alfred-nutile-inc/larscanner/src/SensioLabsRemoteScanner.php(64): GuzzleHttp\Client->__call('get', Array)
#12 /Users/alfrednutile/Code/laravel-platform/vendor/alfred-nutile-inc/larscanner/src/SensioLabsRemoteScanner.php(34): AlfredNutileInc\LarScanner\SensioLabsRemoteScanner->getBranch()
#13 /Users/alfrednutile/Code/laravel-platform/vendor/alfred-nutile-inc/larscanner/tests/SensioLabsRemoteScannerTest.php(18): AlfredNutileInc\LarScanner\SensioLabsRemoteScanner->handle()
#14 [internal function]: AlfredNutileInc\LarScanner\SensioLabsRemoteScannerTest->testFullPrivateRun()
#15 /Users/alfrednutile/Code/laravel-platform/vendor/alfred-nutile-inc/larscanner/vendor/phpunit/phpunit/src/Framework/TestCase.php(1071): ReflectionMethod->invokeArgs(Object(AlfredNutileInc\LarScanner\SensioLabsRemoteScannerTest), Array)
#16 /Users/alfrednutile/Code/laravel-platform/vendor/alfred-nutile-inc/larscanner/vendor/phpunit/phpunit/src/Framework/TestCase.php(939): PHPUnit\Framework\TestCase->runTest()
#17 /Users/alfrednutile/Code/laravel-platform/vendor/alfred-nutile-inc/larscanner/vendor/phpunit/phpunit/src/Framework/TestResult.php(698): PHPUnit\Framework\TestCase->runBare()
#18 /Users/alfrednutile/Code/laravel-platform/vendor/alfred-nutile-inc/larscanner/vendor/phpunit/phpunit/src/Framework/TestCase.php(894): PHPUnit\Framework\TestResult->run(Object(AlfredNutileInc\LarScanner\SensioLabsRemoteScannerTest))
#19 /Users/alfrednutile/Code/laravel-platform/vendor/alfred-nutile-inc/larscanner/vendor/phpunit/phpunit/src/Framework/TestSuite.php(755): PHPUnit\Framework\TestCase->run(Object(PHPUnit\Framework\TestResult))
#20 /Users/alfrednutile/Code/laravel-platform/vendor/alfred-nutile-inc/larscanner/vendor/phpunit/phpunit/src/TextUI/TestRunner.php(546): PHPUnit\Framework\TestSuite->run(Object(PHPUnit\Framework\TestResult))
#21 /Users/alfrednutile/Code/laravel-platform/vendor/alfred-nutile-inc/larscanner/vendor/phpunit/phpunit/src/TextUI/Command.php(195): PHPUnit\TextUI\TestRunner->doRun(Object(PHPUnit\Framework\TestSuite), Array, true)
#22 /Users/alfrednutile/Code/laravel-platform/vendor/alfred-nutile-inc/larscanner/vendor/phpunit/phpunit/src/TextUI/Command.php(148): PHPUnit\TextUI\Command->run(Array, true)
#23 /Users/alfrednutile/Code/laravel-platform/vendor/alfred-nutile-inc/larscanner/vendor/phpunit/phpunit/phpunit(53): PHPUnit\TextUI\Command::main()
#24 {main}  
[2018-03-06 17:51:52] testing.ERROR: Error Getting Composer from Repository https://github.com/alnutile/security-scanner-show-error-poc  
[2018-03-06 17:51:52] testing.ERROR: ErrorException: Undefined variable: username in /Users/alfrednutile/Code/laravel-platform/vendor/alfred-nutile-inc/larscanner/src/SensioLabsRemoteScanner.php:82
Stack trace:
#0 /Users/alfrednutile/Code/laravel-platform/vendor/alfred-nutile-inc/larscanner/src/SensioLabsRemoteScanner.php(82): Illuminate\Foundation\Bootstrap\HandleExceptions->handleError(8, 'Undefined varia...', '/Users/alfrednu...', 82, Array)
#1 /Users/alfrednutile/Code/laravel-platform/vendor/alfred-nutile-inc/larscanner/src/SensioLabsRemoteScanner.php(41): AlfredNutileInc\LarScanner\SensioLabsRemoteScanner->getComposerLock()
#2 /Users/alfrednutile/Code/laravel-platform/vendor/alfred-nutile-inc/larscanner/tests/SensioLabsRemoteScannerTest.php(18): AlfredNutileInc\LarScanner\SensioLabsRemoteScanner->handle()
#3 [internal function]: AlfredNutileInc\LarScanner\SensioLabsRemoteScannerTest->testFullPrivateRun()
#4 /Users/alfrednutile/Code/laravel-platform/vendor/alfred-nutile-inc/larscanner/vendor/phpunit/phpunit/src/Framework/TestCase.php(1071): ReflectionMethod->invokeArgs(Object(AlfredNutileInc\LarScanner\SensioLabsRemoteScannerTest), Array)
#5 /Users/alfrednutile/Code/laravel-platform/vendor/alfred-nutile-inc/larscanner/vendor/phpunit/phpunit/src/Framework/TestCase.php(939): PHPUnit\Framework\TestCase->runTest()
#6 /Users/alfrednutile/Code/laravel-platform/vendor/alfred-nutile-inc/larscanner/vendor/phpunit/phpunit/src/Framework/TestResult.php(698): PHPUnit\Framework\TestCase->runBare()
#7 /Users/alfrednutile/Code/laravel-platform/vendor/alfred-nutile-inc/larscanner/vendor/phpunit/phpunit/src/Framework/TestCase.php(894): PHPUnit\Framework\TestResult->run(Object(AlfredNutileInc\LarScanner\SensioLabsRemoteScannerTest))
#8 /Users/alfrednutile/Code/laravel-platform/vendor/alfred-nutile-inc/larscanner/vendor/phpunit/phpunit/src/Framework/TestSuite.php(755): PHPUnit\Framework\TestCase->run(Object(PHPUnit\Framework\TestResult))
#9 /Users/alfrednutile/Code/laravel-platform/vendor/alfred-nutile-inc/larscanner/vendor/phpunit/phpunit/src/TextUI/TestRunner.php(546): PHPUnit\Framework\TestSuite->run(Object(PHPUnit\Framework\TestResult))
#10 /Users/alfrednutile/Code/laravel-platform/vendor/alfred-nutile-inc/larscanner/vendor/phpunit/phpunit/src/TextUI/Command.php(195): PHPUnit\TextUI\TestRunner->doRun(Object(PHPUnit\Framework\TestSuite), Array, true)
#11 /Users/alfrednutile/Code/laravel-platform/vendor/alfred-nutile-inc/larscanner/vendor/phpunit/phpunit/src/TextUI/Command.php(148): PHPUnit\TextUI\Command->run(Array, true)
#12 /Users/alfrednutile/Code/laravel-platform/vendor/alfred-nutile-inc/larscanner/vendor/phpunit/phpunit/phpunit(53): PHPUnit\TextUI\Command::main()
#13 {main}  
[2018-03-06 17:54:24] testing.ERROR: Error Getting Composer from Repository https://github.com/alnutile/security-scanner-show-error-poc  
[2018-03-06 17:54:24] testing.ERROR: ErrorException: sprintf(): Too few arguments in /Users/alfrednutile/Code/laravel-platform/vendor/alfred-nutile-inc/larscanner/src/SensioLabsRemoteScanner.php:65
Stack trace:
#0 [internal function]: Illuminate\Foundation\Bootstrap\HandleExceptions->handleError(2, 'sprintf(): Too ...', '/Users/alfrednu...', 65, Array)
#1 /Users/alfrednutile/Code/laravel-platform/vendor/alfred-nutile-inc/larscanner/src/SensioLabsRemoteScanner.php(65): sprintf('%s/branches?cli...', 'https://api.git...')
#2 /Users/alfrednutile/Code/laravel-platform/vendor/alfred-nutile-inc/larscanner/src/SensioLabsRemoteScanner.php(34): AlfredNutileInc\LarScanner\SensioLabsRemoteScanner->getBranch()
#3 /Users/alfrednutile/Code/laravel-platform/vendor/alfred-nutile-inc/larscanner/tests/SensioLabsRemoteScannerTest.php(18): AlfredNutileInc\LarScanner\SensioLabsRemoteScanner->handle()
#4 [internal function]: AlfredNutileInc\LarScanner\SensioLabsRemoteScannerTest->testFullPrivateRun()
#5 /Users/alfrednutile/Code/laravel-platform/vendor/alfred-nutile-inc/larscanner/vendor/phpunit/phpunit/src/Framework/TestCase.php(1071): ReflectionMethod->invokeArgs(Object(AlfredNutileInc\LarScanner\SensioLabsRemoteScannerTest), Array)
#6 /Users/alfrednutile/Code/laravel-platform/vendor/alfred-nutile-inc/larscanner/vendor/phpunit/phpunit/src/Framework/TestCase.php(939): PHPUnit\Framework\TestCase->runTest()
#7 /Users/alfrednutile/Code/laravel-platform/vendor/alfred-nutile-inc/larscanner/vendor/phpunit/phpunit/src/Framework/TestResult.php(698): PHPUnit\Framework\TestCase->runBare()
#8 /Users/alfrednutile/Code/laravel-platform/vendor/alfred-nutile-inc/larscanner/vendor/phpunit/phpunit/src/Framework/TestCase.php(894): PHPUnit\Framework\TestResult->run(Object(AlfredNutileInc\LarScanner\SensioLabsRemoteScannerTest))
#9 /Users/alfrednutile/Code/laravel-platform/vendor/alfred-nutile-inc/larscanner/vendor/phpunit/phpunit/src/Framework/TestSuite.php(755): PHPUnit\Framework\TestCase->run(Object(PHPUnit\Framework\TestResult))
#10 /Users/alfrednutile/Code/laravel-platform/vendor/alfred-nutile-inc/larscanner/vendor/phpunit/phpunit/src/TextUI/TestRunner.php(546): PHPUnit\Framework\TestSuite->run(Object(PHPUnit\Framework\TestResult))
#11 /Users/alfrednutile/Code/laravel-platform/vendor/alfred-nutile-inc/larscanner/vendor/phpunit/phpunit/src/TextUI/Command.php(195): PHPUnit\TextUI\TestRunner->doRun(Object(PHPUnit\Framework\TestSuite), Array, true)
#12 /Users/alfrednutile/Code/laravel-platform/vendor/alfred-nutile-inc/larscanner/vendor/phpunit/phpunit/src/TextUI/Command.php(148): PHPUnit\TextUI\Command->run(Array, true)
#13 /Users/alfrednutile/Code/laravel-platform/vendor/alfred-nutile-inc/larscanner/vendor/phpunit/phpunit/phpunit(53): PHPUnit\TextUI\Command::main()
#14 {main}  
